14:26:55 :avarice.wa.us.synirc.net 001 Alexandra :Welcome to the synIRC IRC Network Alexandra!~skybot@pool-96-253-116-52.rcmdva.fios.verizon.net
14:26:55 :avarice.wa.us.synirc.net 002 Alexandra :Your host is avarice.wa.us.synirc.net, running version Unreal3.2.10.2
14:26:55 :avarice.wa.us.synirc.net 003 Alexandra :This server was created Tue Jan 14 2014 at 15:13:49 PST
14:26:55 :avarice.wa.us.synirc.net 004 Alexandra avarice.wa.us.synirc.net Unreal3.2.10.2 iowghraAsORTVSxNCWqBzvdHtGpI lvhopsmntikrRcaqOALQbSeIKVfMCuzNTGjZ
14:26:55 :avarice.wa.us.synirc.net 005 Alexandra CMDS=KNOCK,MAP,DCCALLOW,USERIP,STARTTLS UHNAMES NAMESX SAFELIST HCN MAXCHANNELS=40 CHANLIMIT=#:40 MAXLIST=b:60,e:60,I:60 NICKLEN=30 CHANNELLEN=32 TOPICLEN=307 KICKLEN=307 AWAYLEN=307 :are supported by this server
14:26:55 :avarice.wa.us.synirc.net 005 Alexandra MAXTARGETS=20 WALLCHOPS WATCH=128 WATCHOPTS=A SILENCE=15 MODES=12 CHANTYPES=# PREFIX=(qaohv)~&@%+ CHANMODES=beI,kfL,lj,psmntirRcOAQKVCuzNSMTGZ NETWORK=synIRC CASEMAPPING=ascii EXTBAN=~,qjncrRa ELIST=MNUCT :are supported by this server
14:26:55 :avarice.wa.us.synirc.net 005 Alexandra STATUSMSG=~&@%+ EXCEPTS INVEX :are supported by this server
14:26:55 :avarice.wa.us.synirc.net 251 Alexandra :There are 27 users and 6430 invisible on 17 servers
14:26:55 :avarice.wa.us.synirc.net 252 Alexandra 27 :operator(s) online
14:26:55 :avarice.wa.us.synirc.net 253 Alexandra 2 :unknown connection(s)
14:26:55 :avarice.wa.us.synirc.net 254 Alexandra 2425 :channels formed
14:26:55 :avarice.wa.us.synirc.net 255 Alexandra :I have 872 clients and 0 servers
14:26:55 :avarice.wa.us.synirc.net 265 Alexandra 872 1036 :Current local users 872, max 1036
14:26:55 :avarice.wa.us.synirc.net 266 Alexandra 6457 7920 :Current global users 6457, max 7920
14:26:55 :avarice.wa.us.synirc.net 375 Alexandra :- avarice.wa.us.synirc.net Message of the Day - 
14:26:55 :avarice.wa.us.synirc.net 372 Alexandra :- 18/1/2014 16:16
14:26:55 :avarice.wa.us.synirc.net 372 Alexandra :-                           ___ ____   ____
14:26:55 :avarice.wa.us.synirc.net 372 Alexandra :-           ___ _   _ _ __ |_ _|  _ \ / ___|
14:26:55 :avarice.wa.us.synirc.net 372 Alexandra :-          / __| | | | '_ \ | || |_) | |
14:26:55 :avarice.wa.us.synirc.net 372 Alexandra :-          \__ \ |_| | | | || ||  _ <| |___
14:26:55 :avarice.wa.us.synirc.net 372 Alexandra :-          |___/\__, |_| |_|___|_| \_\\____|
14:26:55 :avarice.wa.us.synirc.net 372 Alexandra :-               |___/      Seattle, WA, USA
14:26:55 :avarice.wa.us.synirc.net 372 Alexandra :- 
14:26:55 :avarice.wa.us.synirc.net 372 Alexandra :- Server     : avarice.wa.us.synirc.net
14:26:55 :avarice.wa.us.synirc.net 372 Alexandra :- Ports      : 6660-6669, 7000
14:26:55 :avarice.wa.us.synirc.net 372 Alexandra :- SSL Ports  : 6697, 7001
14:26:55 :avarice.wa.us.synirc.net 372 Alexandra :- Admin      : Sony     (sony@synirc.net)
14:26:55 :avarice.wa.us.synirc.net 372 Alexandra :- Coadmin    : Special  (special@synirc.net)
14:26:55 :avarice.wa.us.synirc.net 372 Alexandra :- IRCops     : Kafei    (kafei@synirc.net)
14:26:55 :avarice.wa.us.synirc.net 372 Alexandra :-            : Pak000   (pak000@synirc.net)
14:26:55 :avarice.wa.us.synirc.net 372 Alexandra :- 
14:26:55 :avarice.wa.us.synirc.net 372 Alexandra :- Please visit us online at http://www.synirc.net/
14:26:55 :avarice.wa.us.synirc.net 372 Alexandra :- For network related assistance please join #help
14:26:55 :avarice.wa.us.synirc.net 372 Alexandra :- For network wide bans and other issues email helpcom@synirc.net
14:26:55 :avarice.wa.us.synirc.net 372 Alexandra :- 
14:26:55 :avarice.wa.us.synirc.net 372 Alexandra :- synIRC.net will scan your IP for open proxies upon connection to our
14:26:55 :avarice.wa.us.synirc.net 372 Alexandra :- services. You must be 18 or older to connect and chat on our services, or
14:26:55 :avarice.wa.us.synirc.net 372 Alexandra :- have parental consent. synIRC.net and its affiliates are not responsible
14:26:55 :avarice.wa.us.synirc.net 372 Alexandra :- for any bodily or mental harm that could possibly come from using its
14:26:55 :avarice.wa.us.synirc.net 372 Alexandra :- services. synIRC.net is not responsible for any data received or sent
14:26:55 :avarice.wa.us.synirc.net 372 Alexandra :- out to our clients. By connecting, you consent to have logging of your
14:26:55 :avarice.wa.us.synirc.net 372 Alexandra :- conversations done by other clients and are also bound to the rules and
14:26:55 :avarice.wa.us.synirc.net 372 Alexandra :- regulations that can be found at http://www.synirc.net/charter/ 
14:26:55 :avarice.wa.us.synirc.net 376 Alexandra :End of /MOTD command.
14:26:56 :avarice.wa.us.synirc.net 353 Alexandra = #scptestbot :Alexandra @Pixeltasim 
14:26:56 :avarice.wa.us.synirc.net 366 Alexandra #scptestbot :End of /NAMES list.
16:24:26 :avarice.wa.us.synirc.net 001 Alexandra :Welcome to the synIRC IRC Network Alexandra!~skybot@pool-96-253-116-52.rcmdva.fios.verizon.net
16:24:26 :avarice.wa.us.synirc.net 002 Alexandra :Your host is avarice.wa.us.synirc.net, running version Unreal3.2.10.2
16:24:26 :avarice.wa.us.synirc.net 003 Alexandra :This server was created Tue Jan 14 2014 at 15:13:49 PST
16:24:26 :avarice.wa.us.synirc.net 004 Alexandra avarice.wa.us.synirc.net Unreal3.2.10.2 iowghraAsORTVSxNCWqBzvdHtGpI lvhopsmntikrRcaqOALQbSeIKVfMCuzNTGjZ
16:24:26 :avarice.wa.us.synirc.net 005 Alexandra CMDS=KNOCK,MAP,DCCALLOW,USERIP,STARTTLS UHNAMES NAMESX SAFELIST HCN MAXCHANNELS=40 CHANLIMIT=#:40 MAXLIST=b:60,e:60,I:60 NICKLEN=30 CHANNELLEN=32 TOPICLEN=307 KICKLEN=307 AWAYLEN=307 :are supported by this server
16:24:26 :avarice.wa.us.synirc.net 005 Alexandra MAXTARGETS=20 WALLCHOPS WATCH=128 WATCHOPTS=A SILENCE=15 MODES=12 CHANTYPES=# PREFIX=(qaohv)~&@%+ CHANMODES=beI,kfL,lj,psmntirRcOAQKVCuzNSMTGZ NETWORK=synIRC CASEMAPPING=ascii EXTBAN=~,qjncrRa ELIST=MNUCT :are supported by this server
16:24:26 :avarice.wa.us.synirc.net 005 Alexandra STATUSMSG=~&@%+ EXCEPTS INVEX :are supported by this server
16:24:26 :avarice.wa.us.synirc.net 251 Alexandra :There are 27 users and 6707 invisible on 17 servers
16:24:26 :avarice.wa.us.synirc.net 252 Alexandra 27 :operator(s) online
16:24:26 :avarice.wa.us.synirc.net 253 Alexandra 3 :unknown connection(s)
16:24:26 :avarice.wa.us.synirc.net 254 Alexandra 2446 :channels formed
16:24:26 :avarice.wa.us.synirc.net 255 Alexandra :I have 909 clients and 0 servers
16:24:26 :avarice.wa.us.synirc.net 265 Alexandra 909 1036 :Current local users 909, max 1036
16:24:26 :avarice.wa.us.synirc.net 266 Alexandra 6734 7920 :Current global users 6734, max 7920
16:24:26 :avarice.wa.us.synirc.net 375 Alexandra :- avarice.wa.us.synirc.net Message of the Day - 
16:24:26 :avarice.wa.us.synirc.net 372 Alexandra :- 18/1/2014 16:16
16:24:26 :avarice.wa.us.synirc.net 372 Alexandra :-                           ___ ____   ____
16:24:26 :avarice.wa.us.synirc.net 372 Alexandra :-           ___ _   _ _ __ |_ _|  _ \ / ___|
16:24:26 :avarice.wa.us.synirc.net 372 Alexandra :-          / __| | | | '_ \ | || |_) | |
16:24:26 :avarice.wa.us.synirc.net 372 Alexandra :-          \__ \ |_| | | | || ||  _ <| |___
16:24:26 :avarice.wa.us.synirc.net 372 Alexandra :-          |___/\__, |_| |_|___|_| \_\\____|
16:24:26 :avarice.wa.us.synirc.net 372 Alexandra :-               |___/      Seattle, WA, USA
16:24:26 :avarice.wa.us.synirc.net 372 Alexandra :- 
16:24:26 :avarice.wa.us.synirc.net 372 Alexandra :- Server     : avarice.wa.us.synirc.net
16:24:26 :avarice.wa.us.synirc.net 372 Alexandra :- Ports      : 6660-6669, 7000
16:24:26 :avarice.wa.us.synirc.net 372 Alexandra :- SSL Ports  : 6697, 7001
16:24:26 :avarice.wa.us.synirc.net 372 Alexandra :- Admin      : Sony     (sony@synirc.net)
16:24:26 :avarice.wa.us.synirc.net 372 Alexandra :- Coadmin    : Special  (special@synirc.net)
16:24:26 :avarice.wa.us.synirc.net 372 Alexandra :- IRCops     : Kafei    (kafei@synirc.net)
16:24:26 :avarice.wa.us.synirc.net 372 Alexandra :-            : Pak000   (pak000@synirc.net)
16:24:26 :avarice.wa.us.synirc.net 372 Alexandra :- 
16:24:26 :avarice.wa.us.synirc.net 372 Alexandra :- Please visit us online at http://www.synirc.net/
16:24:26 :avarice.wa.us.synirc.net 372 Alexandra :- For network related assistance please join #help
16:24:26 :avarice.wa.us.synirc.net 372 Alexandra :- For network wide bans and other issues email helpcom@synirc.net
16:24:26 :avarice.wa.us.synirc.net 372 Alexandra :- 
16:24:26 :avarice.wa.us.synirc.net 372 Alexandra :- synIRC.net will scan your IP for open proxies upon connection to our
16:24:26 :avarice.wa.us.synirc.net 372 Alexandra :- services. You must be 18 or older to connect and chat on our services, or
16:24:26 :avarice.wa.us.synirc.net 372 Alexandra :- have parental consent. synIRC.net and its affiliates are not responsible
16:24:26 :avarice.wa.us.synirc.net 372 Alexandra :- for any bodily or mental harm that could possibly come from using its
16:24:26 :avarice.wa.us.synirc.net 372 Alexandra :- services. synIRC.net is not responsible for any data received or sent
16:24:26 :avarice.wa.us.synirc.net 372 Alexandra :- out to our clients. By connecting, you consent to have logging of your
16:24:26 :avarice.wa.us.synirc.net 372 Alexandra :- conversations done by other clients and are also bound to the rules and
16:24:26 :avarice.wa.us.synirc.net 372 Alexandra :- regulations that can be found at http://www.synirc.net/charter/ 
16:24:26 :avarice.wa.us.synirc.net 376 Alexandra :End of /MOTD command.
16:24:27 :avarice.wa.us.synirc.net 353 Alexandra = #scptestbot :Alexandra Anaxagoras Pincier ~Pixeltasim 
16:24:27 :avarice.wa.us.synirc.net 366 Alexandra #scptestbot :End of /NAMES list.
