00:11:53 :avarice.wa.us.synirc.net 332 Alexandra #site19 :Welcome to #site19 | RULES http://scp.so/chat http://scp.so/newbies | Sandbox http://scp.so/sand | #site17 chat with staff, or critique in a quieter room | Article For Review : SCP-1152 | GOI Contest! http://scp.so/goicon | NOTICE: Don't send tells, bot change coming | thank mr skeltal. Arf!
00:11:53 :avarice.wa.us.synirc.net 333 Alexandra #site19 thedeadlymoose 1404074348
00:11:53 :avarice.wa.us.synirc.net 353 Alexandra @ #site19 :Alexandra Aelanna Gujzo GoldenDragon Tesseract lfairy Len @Roget vezaz Nemi Nighkos Zanadu Jarell Echo Voct Faminepulse %weitoobusy Vince @bright Anborough Itazu qptain_Nemo TheRaven NolanSyKinsley Randomini @Dr_Kens Pincier @FlameShirt %Pemander Cain @Tuomey Bearhugger djkaktus GottaGoFeast Dexanote chubert LHI RobWatson Bouncl Smaugnolia Sgeo DigitalGhost ~thedeadlymoose %ProcyonLotor Provolone Aphex_ 
00:11:53 :avarice.wa.us.synirc.net 353 Alexandra @ #site19 :rumetzen @Soulless AndarielHalo %Riemann Renc Salabasama Milly Slate Shukaro Darlos9D Freudian gumbal1 Cane lurkd HexiHamaski Sciurus HERIC Hexi|Aspire Scantron OldGrumpy metalsonic Lumberjack Vorcha NekoChris WildRaubtier discopig lumancer Huitzil murphy_slaw neliaverunt CheeseofBorg Pendragon Porygon-Z JaneRand pure tehpaper Evixion tahugamin %MisterFlames Cranium @TroyL Overand Dettorer TheTFEF fennekki 
00:11:53 :avarice.wa.us.synirc.net 353 Alexandra @ #site19 :Sophos Beaver Lakart DrMann Red_M Roujo Pixeltasim Seisatsu Keiya 
00:11:53 :avarice.wa.us.synirc.net 366 Alexandra #site19 :End of /NAMES list.
00:18:39 :avarice.wa.us.synirc.net 301 Alexandra Riemann :Come and see the show!
00:18:42 :avarice.wa.us.synirc.net 301 Alexandra Riemann :Come and see the show!
00:18:52 :avarice.wa.us.synirc.net 301 Alexandra Riemann :Come and see the show!
00:23:02 :avarice.wa.us.synirc.net 301 Alexandra Riemann :Come and see the show!
00:28:37 :avarice.wa.us.synirc.net 332 Alexandra #site00 :Chatops only. | Proposal for Chat Guide Update: http://pastebin.com/2ymT6Veg | Next Meeting Time: TBA | Meeting Topics: TBA. Previous Logs: https://privatepaste.com/16e736fe47/ | TO HELP TEMP OPS, JOIN #thamespop. Users not on access list are autob& | +R DOWN
00:28:37 :avarice.wa.us.synirc.net 333 Alexandra #site00 thedeadlymoose 1400811890
00:28:37 :avarice.wa.us.synirc.net 353 Alexandra @ #site00 :Alexandra @Wogglebug @bright @Dr_Kens @FlameShirt Dexanote ~thedeadlymoose @Soulless @Tuomey +Lumberjack @TroyL 
00:28:37 :avarice.wa.us.synirc.net 366 Alexandra #site00 :End of /NAMES list.
00:40:41 :avarice.wa.us.synirc.net 332 Alexandra #site17 :A place to chat with SCP Foundation staff, and to get your stuff critiqued if you're a site member! General chat in #site19, unless staff are involved. | Default Username for Channel is "SCP-Newbie". | Ask for an admin if you want your app looked at. PLEASE GIVE US A FEW MINUTES TO RESPOND! 
00:40:41 :avarice.wa.us.synirc.net 333 Alexandra #site17 thedeadlymoose 1400715192
00:40:41 :avarice.wa.us.synirc.net 353 Alexandra = #site17 :Alexandra @Roget Nighkos %Wogglebug Fantem ihp %Faminepulse +weitoobusy +Vince &bright %Anborough Randomini @Dr_Kens Dexanote RobWatson %Bouncl ~thedeadlymoose %ProcyonLotor %rumetzen @Soulless|Gam +Riemann %Tuomey gumbal1 HexiHamaski Warscribe Hexi|Aspire @Scantron metalsonic +Lumberjack Porygon-Z tahugamin %MisterFlames &TroyL +Sophos Roujo Pixeltasim 
00:40:41 :avarice.wa.us.synirc.net 366 Alexandra #site17 :End of /NAMES list.
00:49:09 :avarice.wa.us.synirc.net 404 Alexandra #site17 :Color is not permitted in this channel (#site17)
08:04:14 :avarice.wa.us.synirc.net 404 Alexandra #site19 :Color is not permitted in this channel (#site19)
08:05:41 :avarice.wa.us.synirc.net 404 Alexandra #site19 :Color is not permitted in this channel (#site19)
19:38:38 :avarice.wa.us.synirc.net 001 Alexandra :Welcome to the synIRC IRC Network Alexandra!~skybot@pool-96-253-116-52.rcmdva.fios.verizon.net
19:38:38 :avarice.wa.us.synirc.net 002 Alexandra :Your host is avarice.wa.us.synirc.net, running version Unreal3.2.10.2
19:38:38 :avarice.wa.us.synirc.net 003 Alexandra :This server was created Tue Jan 14 2014 at 15:13:49 PST
19:38:38 :avarice.wa.us.synirc.net 004 Alexandra avarice.wa.us.synirc.net Unreal3.2.10.2 iowghraAsORTVSxNCWqBzvdHtGpI lvhopsmntikrRcaqOALQbSeIKVfMCuzNTGjZ
19:38:38 :avarice.wa.us.synirc.net 005 Alexandra CMDS=KNOCK,MAP,DCCALLOW,USERIP,STARTTLS UHNAMES NAMESX SAFELIST HCN MAXCHANNELS=40 CHANLIMIT=#:40 MAXLIST=b:60,e:60,I:60 NICKLEN=30 CHANNELLEN=32 TOPICLEN=307 KICKLEN=307 AWAYLEN=307 :are supported by this server
19:38:38 :avarice.wa.us.synirc.net 005 Alexandra MAXTARGETS=20 WALLCHOPS WATCH=128 WATCHOPTS=A SILENCE=15 MODES=12 CHANTYPES=# PREFIX=(qaohv)~&@%+ CHANMODES=beI,kfL,lj,psmntirRcOAQKVCuzNSMTGZ NETWORK=synIRC CASEMAPPING=ascii EXTBAN=~,qjncrRa ELIST=MNUCT :are supported by this server
19:38:38 :avarice.wa.us.synirc.net 005 Alexandra STATUSMSG=~&@%+ EXCEPTS INVEX :are supported by this server
19:38:38 :avarice.wa.us.synirc.net 251 Alexandra :There are 27 users and 7182 invisible on 17 servers
19:38:38 :avarice.wa.us.synirc.net 252 Alexandra 29 :operator(s) online
19:38:38 :avarice.wa.us.synirc.net 253 Alexandra 1 :unknown connection(s)
19:38:38 :avarice.wa.us.synirc.net 254 Alexandra 2508 :channels formed
19:38:38 :avarice.wa.us.synirc.net 255 Alexandra :I have 1015 clients and 0 servers
19:38:38 :avarice.wa.us.synirc.net 265 Alexandra 1015 1036 :Current local users 1015, max 1036
19:38:38 :avarice.wa.us.synirc.net 266 Alexandra 7209 7920 :Current global users 7209, max 7920
19:38:38 :avarice.wa.us.synirc.net 375 Alexandra :- avarice.wa.us.synirc.net Message of the Day - 
19:38:38 :avarice.wa.us.synirc.net 372 Alexandra :- 18/1/2014 16:16
19:38:38 :avarice.wa.us.synirc.net 372 Alexandra :-                           ___ ____   ____
19:38:38 :avarice.wa.us.synirc.net 372 Alexandra :-           ___ _   _ _ __ |_ _|  _ \ / ___|
19:38:38 :avarice.wa.us.synirc.net 372 Alexandra :-          / __| | | | '_ \ | || |_) | |
19:38:38 :avarice.wa.us.synirc.net 372 Alexandra :-          \__ \ |_| | | | || ||  _ <| |___
19:38:38 :avarice.wa.us.synirc.net 372 Alexandra :-          |___/\__, |_| |_|___|_| \_\\____|
19:38:38 :avarice.wa.us.synirc.net 372 Alexandra :-               |___/      Seattle, WA, USA
19:38:38 :avarice.wa.us.synirc.net 372 Alexandra :- 
19:38:38 :avarice.wa.us.synirc.net 372 Alexandra :- Server     : avarice.wa.us.synirc.net
19:38:38 :avarice.wa.us.synirc.net 372 Alexandra :- Ports      : 6660-6669, 7000
19:38:38 :avarice.wa.us.synirc.net 372 Alexandra :- SSL Ports  : 6697, 7001
19:38:38 :avarice.wa.us.synirc.net 372 Alexandra :- Admin      : Sony     (sony@synirc.net)
19:38:38 :avarice.wa.us.synirc.net 372 Alexandra :- Coadmin    : Special  (special@synirc.net)
19:38:38 :avarice.wa.us.synirc.net 372 Alexandra :- IRCops     : Kafei    (kafei@synirc.net)
19:38:38 :avarice.wa.us.synirc.net 372 Alexandra :-            : Pak000   (pak000@synirc.net)
19:38:38 :avarice.wa.us.synirc.net 372 Alexandra :- 
19:38:38 :avarice.wa.us.synirc.net 372 Alexandra :- Please visit us online at http://www.synirc.net/
19:38:38 :avarice.wa.us.synirc.net 372 Alexandra :- For network related assistance please join #help
19:38:38 :avarice.wa.us.synirc.net 372 Alexandra :- For network wide bans and other issues email helpcom@synirc.net
19:38:38 :avarice.wa.us.synirc.net 372 Alexandra :- 
19:38:38 :avarice.wa.us.synirc.net 372 Alexandra :- synIRC.net will scan your IP for open proxies upon connection to our
19:38:38 :avarice.wa.us.synirc.net 372 Alexandra :- services. You must be 18 or older to connect and chat on our services, or
19:38:38 :avarice.wa.us.synirc.net 372 Alexandra :- have parental consent. synIRC.net and its affiliates are not responsible
19:38:38 :avarice.wa.us.synirc.net 372 Alexandra :- for any bodily or mental harm that could possibly come from using its
19:38:38 :avarice.wa.us.synirc.net 372 Alexandra :- services. synIRC.net is not responsible for any data received or sent
19:38:38 :avarice.wa.us.synirc.net 372 Alexandra :- out to our clients. By connecting, you consent to have logging of your
19:38:38 :avarice.wa.us.synirc.net 372 Alexandra :- conversations done by other clients and are also bound to the rules and
19:38:38 :avarice.wa.us.synirc.net 372 Alexandra :- regulations that can be found at http://www.synirc.net/charter/ 
19:38:38 :avarice.wa.us.synirc.net 376 Alexandra :End of /MOTD command.
19:38:39 :avarice.wa.us.synirc.net 332 Alexandra #scptestbot :
19:38:39 :avarice.wa.us.synirc.net 333 Alexandra #scptestbot ChanServ 1404109535
19:38:39 :avarice.wa.us.synirc.net 353 Alexandra = #scptestbot :Alexandra Roget ~Pixeltasim 
19:38:39 :avarice.wa.us.synirc.net 366 Alexandra #scptestbot :End of /NAMES list.
19:38:52 :avarice.wa.us.synirc.net 332 Alexandra #site19 :Welcome to #site19 | RULES http://scp.so/chat http://scp.so/newbies | Sandbox http://scp.so/sand | #site17 talk to staff / critique | Review : SCP-1152 | GOI Contest! http://scp.so/goicon | Nala retired. Welcome the new bot, Alexandra. Use only when needed | Bark for my dad, you son of a bitch.
19:38:52 :avarice.wa.us.synirc.net 333 Alexandra #site19 thedeadlymoose 1404102099
19:38:52 :avarice.wa.us.synirc.net 353 Alexandra @ #site19 :Alexandra Clockstop Salabasama Nemi DrBlackline @Roget Reach %whyzhong chubert anqxyr %Pemander NolanSyKinsley Smaugnolia @FlameShirt zaratustra %ProcyonLotor DigitalGhost %Vivax Bennings spycrab RobWatson Provolone %Silber @Tuomey tahugamin Gujzo Renc @Soulless ScanAFK Meserach DreadLindwyrm DrUnderwood Jabonicus Echo Pincier WF_AFK Zanadu Freudian @TroyL Dmatix Annalea rumetzen AndarielHalo lumancer 
19:38:52 :avarice.wa.us.synirc.net 353 Alexandra @ #site19 :FortuneFavorsBold Darlos9Dayjob Aphex_ Shukaro Itazu %Bouncl @Xiao BreadProduct HERIC_ Milly @Eskaway gumbal1 ShaRose TheGreekOwl Bearhugger PeppersGhost GoldenDragon Seisatsu Red_M murphy_slaw Hexi|Aspire Evixion @Craynaway Valerie OldGrumpy Jarell Tempeste Tesseract @bright qptain_Nemo LHI Darlos9D Cane lurkd HexiHamaski Sciurus +Lumberjack Vorcha WildRaubtier discopig Huitzil neliaverunt CheeseofBorg 
19:38:53 :avarice.wa.us.synirc.net 353 Alexandra @ #site19 :Pendragon Porygon-Z JaneRand pure tehpaper %MisterFlames Cranium Overand Dettorer TheTFEF fennekki Sophos Beaver Lakart DrMann Roujo Pixeltasim Keiya 
19:38:53 :avarice.wa.us.synirc.net 366 Alexandra #site19 :End of /NAMES list.
19:39:02 :avarice.wa.us.synirc.net 332 Alexandra #site17 :A place to chat with SCP Foundation staff, and to get your stuff critiqued if you're a site member! General chat in #site19, unless staff are involved. | Default Username for Channel is "SCP-Newbie". | Ask for an admin if you want your app looked at. PLEASE GIVE US A FEW MINUTES TO RESPOND! 
19:39:02 :avarice.wa.us.synirc.net 333 Alexandra #site17 thedeadlymoose 1400715192
19:39:02 :avarice.wa.us.synirc.net 353 Alexandra = #site17 :Alexandra @Roget +whyzhong %ProcyonBRB RobWatson @Silber Pincier ihp %Tuomey tahugamin @Soulless @ScanAFK DreadLindwyrm Jabonicus &TroyL %rumetzen %FortuneFavorsBold %FlameShirt %Bouncl %Xiao @Eskaway gumbal1 PeppersGhost Hexi|Aspire @Craynaway Pendragon %Rhett &bright HexiHamaski +Lumberjack Porygon-Z %MisterFlames +Sophos Roujo Pixeltasim 
19:39:02 :avarice.wa.us.synirc.net 366 Alexandra #site17 :End of /NAMES list.
19:43:15 :avarice.wa.us.synirc.net 001 Alexandra :Welcome to the synIRC IRC Network Alexandra!~skybot@pool-96-253-116-52.rcmdva.fios.verizon.net
19:43:15 :avarice.wa.us.synirc.net 002 Alexandra :Your host is avarice.wa.us.synirc.net, running version Unreal3.2.10.2
19:43:15 :avarice.wa.us.synirc.net 003 Alexandra :This server was created Tue Jan 14 2014 at 15:13:49 PST
19:43:15 :avarice.wa.us.synirc.net 004 Alexandra avarice.wa.us.synirc.net Unreal3.2.10.2 iowghraAsORTVSxNCWqBzvdHtGpI lvhopsmntikrRcaqOALQbSeIKVfMCuzNTGjZ
19:43:15 :avarice.wa.us.synirc.net 005 Alexandra CMDS=KNOCK,MAP,DCCALLOW,USERIP,STARTTLS UHNAMES NAMESX SAFELIST HCN MAXCHANNELS=40 CHANLIMIT=#:40 MAXLIST=b:60,e:60,I:60 NICKLEN=30 CHANNELLEN=32 TOPICLEN=307 KICKLEN=307 AWAYLEN=307 :are supported by this server
19:43:15 :avarice.wa.us.synirc.net 005 Alexandra MAXTARGETS=20 WALLCHOPS WATCH=128 WATCHOPTS=A SILENCE=15 MODES=12 CHANTYPES=# PREFIX=(qaohv)~&@%+ CHANMODES=beI,kfL,lj,psmntirRcOAQKVCuzNSMTGZ NETWORK=synIRC CASEMAPPING=ascii EXTBAN=~,qjncrRa ELIST=MNUCT :are supported by this server
19:43:15 :avarice.wa.us.synirc.net 005 Alexandra STATUSMSG=~&@%+ EXCEPTS INVEX :are supported by this server
19:43:15 :avarice.wa.us.synirc.net 251 Alexandra :There are 26 users and 7188 invisible on 17 servers
19:43:15 :avarice.wa.us.synirc.net 252 Alexandra 29 :operator(s) online
19:43:15 :avarice.wa.us.synirc.net 253 Alexandra 2 :unknown connection(s)
19:43:15 :avarice.wa.us.synirc.net 254 Alexandra 2508 :channels formed
19:43:15 :avarice.wa.us.synirc.net 255 Alexandra :I have 1022 clients and 0 servers
19:43:15 :avarice.wa.us.synirc.net 265 Alexandra 1022 1036 :Current local users 1022, max 1036
19:43:15 :avarice.wa.us.synirc.net 266 Alexandra 7214 7920 :Current global users 7214, max 7920
19:43:15 :avarice.wa.us.synirc.net 375 Alexandra :- avarice.wa.us.synirc.net Message of the Day - 
19:43:15 :avarice.wa.us.synirc.net 372 Alexandra :- 18/1/2014 16:16
19:43:15 :avarice.wa.us.synirc.net 372 Alexandra :-                           ___ ____   ____
19:43:15 :avarice.wa.us.synirc.net 372 Alexandra :-           ___ _   _ _ __ |_ _|  _ \ / ___|
19:43:15 :avarice.wa.us.synirc.net 372 Alexandra :-          / __| | | | '_ \ | || |_) | |
19:43:15 :avarice.wa.us.synirc.net 372 Alexandra :-          \__ \ |_| | | | || ||  _ <| |___
19:43:15 :avarice.wa.us.synirc.net 372 Alexandra :-          |___/\__, |_| |_|___|_| \_\\____|
19:43:15 :avarice.wa.us.synirc.net 372 Alexandra :-               |___/      Seattle, WA, USA
19:43:15 :avarice.wa.us.synirc.net 372 Alexandra :- 
19:43:15 :avarice.wa.us.synirc.net 372 Alexandra :- Server     : avarice.wa.us.synirc.net
19:43:15 :avarice.wa.us.synirc.net 372 Alexandra :- Ports      : 6660-6669, 7000
19:43:15 :avarice.wa.us.synirc.net 372 Alexandra :- SSL Ports  : 6697, 7001
19:43:15 :avarice.wa.us.synirc.net 372 Alexandra :- Admin      : Sony     (sony@synirc.net)
19:43:15 :avarice.wa.us.synirc.net 372 Alexandra :- Coadmin    : Special  (special@synirc.net)
19:43:15 :avarice.wa.us.synirc.net 372 Alexandra :- IRCops     : Kafei    (kafei@synirc.net)
19:43:15 :avarice.wa.us.synirc.net 372 Alexandra :-            : Pak000   (pak000@synirc.net)
19:43:15 :avarice.wa.us.synirc.net 372 Alexandra :- 
19:43:15 :avarice.wa.us.synirc.net 372 Alexandra :- Please visit us online at http://www.synirc.net/
19:43:15 :avarice.wa.us.synirc.net 372 Alexandra :- For network related assistance please join #help
19:43:15 :avarice.wa.us.synirc.net 372 Alexandra :- For network wide bans and other issues email helpcom@synirc.net
19:43:15 :avarice.wa.us.synirc.net 372 Alexandra :- 
19:43:15 :avarice.wa.us.synirc.net 372 Alexandra :- synIRC.net will scan your IP for open proxies upon connection to our
19:43:15 :avarice.wa.us.synirc.net 372 Alexandra :- services. You must be 18 or older to connect and chat on our services, or
19:43:15 :avarice.wa.us.synirc.net 372 Alexandra :- have parental consent. synIRC.net and its affiliates are not responsible
19:43:15 :avarice.wa.us.synirc.net 372 Alexandra :- for any bodily or mental harm that could possibly come from using its
19:43:15 :avarice.wa.us.synirc.net 372 Alexandra :- services. synIRC.net is not responsible for any data received or sent
19:43:15 :avarice.wa.us.synirc.net 372 Alexandra :- out to our clients. By connecting, you consent to have logging of your
19:43:15 :avarice.wa.us.synirc.net 372 Alexandra :- conversations done by other clients and are also bound to the rules and
19:43:15 :avarice.wa.us.synirc.net 372 Alexandra :- regulations that can be found at http://www.synirc.net/charter/ 
19:43:15 :avarice.wa.us.synirc.net 376 Alexandra :End of /MOTD command.
19:43:16 :avarice.wa.us.synirc.net 332 Alexandra #scptestbot :
19:43:16 :avarice.wa.us.synirc.net 333 Alexandra #scptestbot ChanServ 1404109535
19:43:16 :avarice.wa.us.synirc.net 353 Alexandra = #scptestbot :Alexandra Roget ~Pixeltasim 
19:43:16 :avarice.wa.us.synirc.net 366 Alexandra #scptestbot :End of /NAMES list.
19:43:17 :avarice.wa.us.synirc.net 403 Alexandra site19 :No such channel
19:43:18 :avarice.wa.us.synirc.net 403 Alexandra site17 :No such channel
19:43:43 :avarice.wa.us.synirc.net 332 Alexandra #site19 :Welcome to #site19 | RULES http://scp.so/chat http://scp.so/newbies | Sandbox http://scp.so/sand | #site17 talk to staff / critique | Review : SCP-1152 | GOI Contest! http://scp.so/goicon | Nala retired. Welcome the new bot, Alexandra. Use only when needed | Bark for my dad, you son of a bitch.
19:43:43 :avarice.wa.us.synirc.net 333 Alexandra #site19 thedeadlymoose 1404102099
19:43:43 :avarice.wa.us.synirc.net 353 Alexandra @ #site19 :Alexandra bigboi Clockstop Salabasama Nemi DrBlackline @Roget Reach chubert anqxyr %Pemander NolanSyKinsley Smaugnolia @FlameShirt zaratustra %ProcyonBRB DigitalGhost %Vivax Bennings spycrab RobWatson Provolone %Silber @Tuomey tahugamin Gujzo Renc @Soulless ScanAFK Meserach DreadLindwyrm DrUnderwood Jabonicus Echo Pincier WF_AFK Zanadu Freudian @TroyL Dmatix Annalea rumetzen AndarielHalo lumancer FortuneFavorsBold 
19:43:43 :avarice.wa.us.synirc.net 353 Alexandra @ #site19 :Darlos9Dayjob Aphex_ Shukaro Itazu %Bouncl @Xiao BreadProduct HERIC_ Milly @Eskaway gumbal1 ShaRose TheGreekOwl Bearhugger PeppersGhost GoldenDragon Seisatsu Red_M murphy_slaw Hexi|Aspire Evixion @Craynaway Valerie OldGrumpy Jarell Tempeste Tesseract @bright qptain_Nemo LHI Darlos9D Cane lurkd HexiHamaski Sciurus +Lumberjack Vorcha WildRaubtier discopig Huitzil neliaverunt CheeseofBorg Pendragon Porygon-Z 
19:43:43 :avarice.wa.us.synirc.net 353 Alexandra @ #site19 :JaneRand pure tehpaper %MisterFlames Cranium Overand Dettorer TheTFEF fennekki Sophos Beaver Lakart DrMann Roujo Pixeltasim Keiya 
19:43:43 :avarice.wa.us.synirc.net 366 Alexandra #site19 :End of /NAMES list.
19:43:48 :avarice.wa.us.synirc.net 332 Alexandra #site17 :A place to chat with SCP Foundation staff, and to get your stuff critiqued if you're a site member! General chat in #site19, unless staff are involved. | Default Username for Channel is "SCP-Newbie". | Ask for an admin if you want your app looked at. PLEASE GIVE US A FEW MINUTES TO RESPOND! 
19:43:48 :avarice.wa.us.synirc.net 333 Alexandra #site17 thedeadlymoose 1400715192
19:43:48 :avarice.wa.us.synirc.net 353 Alexandra = #site17 :Alexandra @Roget %ProcyonBRB RobWatson @Silber Pincier ihp %Tuomey tahugamin @Soulless @ScanAFK DreadLindwyrm Jabonicus &TroyL %rumetzen %FortuneFavorsBold %FlameShirt %Bouncl %Xiao @Eskaway gumbal1 PeppersGhost Hexi|Aspire @Craynaway Pendragon %Rhett &bright HexiHamaski +Lumberjack Porygon-Z %MisterFlames +Sophos Roujo Pixeltasim 
19:43:48 :avarice.wa.us.synirc.net 366 Alexandra #site17 :End of /NAMES list.
22:31:00 :avarice.wa.us.synirc.net 332 Alexandra #site67 :For when #Site19 fails us. | http://scp.so Code is boogaloo | Forum: http://scp.so/05forum | http://origins.scp.so/drupal/bot/log/site19 | http://scp.so/goicon | Anyone wanting goodies should send TroyL their address at the end of the month.
22:31:00 :avarice.wa.us.synirc.net 333 Alexandra #site67 TroyL 1402688302
22:31:00 :avarice.wa.us.synirc.net 353 Alexandra @ #site67 :Alexandra &Photosynthetic Bouncl &thedeadlymoose Vivax @Pig_catapult Gaffsey Dr_Kens Jekeled @Echo @Roget chubert zaratustra ProcyonDinner @Silber Tuomey @Scantron &TroyL FlameShirt @Xiao PeppersGhost @murphy_slaw Craynaway Rhett ~bright Lumberjack @MisterFlames DrMann Break__ 
22:31:00 :avarice.wa.us.synirc.net 366 Alexandra #site67 :End of /NAMES list.
