13:13:09 :monster.va.us.synirc.net 001 Alexandra :Welcome to the synIRC IRC Network Alexandra!~skybot@pool-96-253-116-52.rcmdva.fios.verizon.net
13:13:09 :monster.va.us.synirc.net 002 Alexandra :Your host is monster.va.us.synirc.net, running version Unreal3.2.9
13:13:09 :monster.va.us.synirc.net 003 Alexandra :This server was created Sat Mar 30 2013 at 21:56:47 UTC
13:13:09 :monster.va.us.synirc.net 004 Alexandra monster.va.us.synirc.net Unreal3.2.9 iowghraAsORTVSxNCWqBzvdHtGp lvhopsmntikrRcaqOALQbSeIKVfMCuzNTGjZ
13:13:09 :monster.va.us.synirc.net 005 Alexandra CMDS=KNOCK,MAP,DCCALLOW,USERIP UHNAMES NAMESX SAFELIST HCN MAXCHANNELS=40 CHANLIMIT=#:40 MAXLIST=b:60,e:60,I:60 NICKLEN=30 CHANNELLEN=32 TOPICLEN=307 KICKLEN=307 AWAYLEN=307 :are supported by this server
13:13:09 :monster.va.us.synirc.net 005 Alexandra MAXTARGETS=20 WALLCHOPS WATCH=128 WATCHOPTS=A SILENCE=15 MODES=12 CHANTYPES=# PREFIX=(qaohv)~&@%+ CHANMODES=beI,kfL,lj,psmntirRcOAQKVCuzNSMTGZ NETWORK=synIRC CASEMAPPING=ascii EXTBAN=~,qjncrR ELIST=MNUCT :are supported by this server
13:13:09 :monster.va.us.synirc.net 005 Alexandra STATUSMSG=~&@%+ EXCEPTS INVEX :are supported by this server
13:13:09 :monster.va.us.synirc.net 251 Alexandra :There are 27 users and 6312 invisible on 17 servers
13:13:09 :monster.va.us.synirc.net 252 Alexandra 28 :operator(s) online
13:13:09 :monster.va.us.synirc.net 254 Alexandra 2388 :channels formed
13:13:09 :monster.va.us.synirc.net 255 Alexandra :I have 849 clients and 0 servers
13:13:09 :monster.va.us.synirc.net 265 Alexandra :Current Local Users: 849  Max: 995
13:13:09 :monster.va.us.synirc.net 266 Alexandra :Current Global Users: 6339  Max: 7920
13:13:09 :monster.va.us.synirc.net 375 Alexandra :- monster.va.us.synirc.net Message of the Day - 
13:13:09 :monster.va.us.synirc.net 372 Alexandra :- 1/2/2014 21:52
13:13:09 :monster.va.us.synirc.net 372 Alexandra :- This is the short MOTD. To view the complete MOTD type /motd
13:13:09 :monster.va.us.synirc.net 372 Alexandra :- 
13:13:09 :monster.va.us.synirc.net 372 Alexandra :- 
13:13:09 :monster.va.us.synirc.net 372 Alexandra :-                               .---. .---. 
13:13:09 :monster.va.us.synirc.net 372 Alexandra :-                              :     : o   :    me want cookie!
13:13:09 :monster.va.us.synirc.net 372 Alexandra :-                          _..-:   o :     :-.._    /
13:13:09 :monster.va.us.synirc.net 372 Alexandra :-                      .-''  '  `---' `---' "   ``-.    
13:13:09 :monster.va.us.synirc.net 372 Alexandra :-                    .'   "   '  "  .    "  . '  "  `.  
13:13:09 :monster.va.us.synirc.net 372 Alexandra :-                   :   '.---.,,.,...,.,.,.,..---.  ' ;
13:13:09 :monster.va.us.synirc.net 372 Alexandra :-                   `. " `.                     .' " .'
13:13:09 :monster.va.us.synirc.net 372 Alexandra :-                    `.  '`.                   .' ' .'
13:13:09 :monster.va.us.synirc.net 372 Alexandra :-                     `.    `-._           _.-' "  .'  .----.
13:13:09 :monster.va.us.synirc.net 372 Alexandra :-                       `. "    '"--...--"'  . ' .'  .'  o   `.
13:13:09 :monster.va.us.synirc.net 372 Alexandra :-                       .'`-._'    " .     " _.-'`. :       o  :
13:13:09 :monster.va.us.synirc.net 372 Alexandra :-                     .'      ```--.....--'''    ' `:_ o       :
13:13:09 :monster.va.us.synirc.net 372 Alexandra :-                   .'    "     '         "     "   ; `.;";";";'
13:13:09 :monster.va.us.synirc.net 372 Alexandra :-                  ;         '       "       '     . ; .' ; ; ;
13:13:09 :monster.va.us.synirc.net 372 Alexandra :-                 ;     '         '       '   "    .'      .-'
13:13:09 :monster.va.us.synirc.net 372 Alexandra :-                 '  "     "   '      "           "    _.-'
13:13:09 :monster.va.us.synirc.net 372 Alexandra :-                                                                       
13:13:09 :monster.va.us.synirc.net 372 Alexandra :-             ######  ##    ## ##    ## #### ########   ######  
13:13:09 :monster.va.us.synirc.net 372 Alexandra :-            ##    ##  ##  ##  ###   ##  ##  ##     ## ##    ## 
13:13:09 :monster.va.us.synirc.net 372 Alexandra :-            ##         ####   ####  ##  ##  ##     ## ##       
13:13:09 :monster.va.us.synirc.net 372 Alexandra :-             ######     ##    ## ## ##  ##  ########  ##       
13:13:09 :monster.va.us.synirc.net 372 Alexandra :-                  ##    ##    ##  ####  ##  ##   ##   ##       
13:13:09 :monster.va.us.synirc.net 372 Alexandra :-            ##    ##    ##    ##   ###  ##  ##    ##  ##    ##
13:13:09 :monster.va.us.synirc.net 372 Alexandra :-             ######     ##    ##    ## #### ##     ##  ######  
13:13:09 :monster.va.us.synirc.net 372 Alexandra :- 
13:13:09 :monster.va.us.synirc.net 372 Alexandra :-          |                                                    |
13:13:09 :monster.va.us.synirc.net 372 Alexandra :-        --+----------------------------------------------------+--
13:13:09 :monster.va.us.synirc.net 372 Alexandra :-          |                                                    |
13:13:09 :monster.va.us.synirc.net 372 Alexandra :-          | Welcome on monster.va.us.synirc.net                |
13:13:09 :monster.va.us.synirc.net 372 Alexandra :-          | Available ports: 6660-6669                         |
13:13:09 :monster.va.us.synirc.net 372 Alexandra :-          | SSL ports: 6697, 7001                              |
13:13:09 :monster.va.us.synirc.net 372 Alexandra :-          |                                                    |
13:13:09 :monster.va.us.synirc.net 372 Alexandra :-          | Server Admin: jon <jon@synirc.net>                 |
13:13:09 :monster.va.us.synirc.net 372 Alexandra :-          | Co-Admin    : Jake <jake@synirc.net>               |
13:13:09 :monster.va.us.synirc.net 372 Alexandra :-          |                                                    |
13:13:09 :monster.va.us.synirc.net 372 Alexandra :-        --+----------------------------------------------------+--
13:13:09 :monster.va.us.synirc.net 372 Alexandra :-          |                                                    |
13:13:09 :monster.va.us.synirc.net 372 Alexandra :- 
13:13:09 :monster.va.us.synirc.net 372 Alexandra :- DISCLAIMER:
13:13:09 :monster.va.us.synirc.net 372 Alexandra :- 
13:13:09 :monster.va.us.synirc.net 372 Alexandra :- synIRC.net will scan your IP for open proxies upon connection to our 
13:13:09 :monster.va.us.synirc.net 372 Alexandra :- services.  You must be 18 or older to connect and chat on our services, or 
13:13:09 :monster.va.us.synirc.net 372 Alexandra :- have parental consent. synIRC.net and its affiliates are not responsible 
13:13:09 :monster.va.us.synirc.net 372 Alexandra :- for any bodily or mental harm that could possibly come from using its 
13:13:09 :monster.va.us.synirc.net 372 Alexandra :- services. synIRC.net is not responsible for any data received or sent 
13:13:09 :monster.va.us.synirc.net 372 Alexandra :- out to our clients. By connecting, you consent to have logging of your 
13:13:09 :monster.va.us.synirc.net 372 Alexandra :- conversations done by other clients and are also bound to the rules and 
13:13:09 :monster.va.us.synirc.net 372 Alexandra :- regulations that can be found at http://www.synirc.net/charter/
13:13:09 :monster.va.us.synirc.net 372 Alexandra :- 
13:13:09 :monster.va.us.synirc.net 376 Alexandra :End of /MOTD command.
13:13:10 :monster.va.us.synirc.net 353 Alexandra = #scptestbot :Alexandra @Pixeltasim 
13:13:10 :monster.va.us.synirc.net 366 Alexandra #scptestbot :End of /NAMES list.
13:13:44 :monster.va.us.synirc.net 001 Alexandra :Welcome to the synIRC IRC Network Alexandra!~skybot@pool-96-253-116-52.rcmdva.fios.verizon.net
13:13:44 :monster.va.us.synirc.net 002 Alexandra :Your host is monster.va.us.synirc.net, running version Unreal3.2.9
13:13:44 :monster.va.us.synirc.net 003 Alexandra :This server was created Sat Mar 30 2013 at 21:56:47 UTC
13:13:44 :monster.va.us.synirc.net 004 Alexandra monster.va.us.synirc.net Unreal3.2.9 iowghraAsORTVSxNCWqBzvdHtGp lvhopsmntikrRcaqOALQbSeIKVfMCuzNTGjZ
13:13:44 :monster.va.us.synirc.net 005 Alexandra CMDS=KNOCK,MAP,DCCALLOW,USERIP UHNAMES NAMESX SAFELIST HCN MAXCHANNELS=40 CHANLIMIT=#:40 MAXLIST=b:60,e:60,I:60 NICKLEN=30 CHANNELLEN=32 TOPICLEN=307 KICKLEN=307 AWAYLEN=307 :are supported by this server
13:13:44 :monster.va.us.synirc.net 005 Alexandra MAXTARGETS=20 WALLCHOPS WATCH=128 WATCHOPTS=A SILENCE=15 MODES=12 CHANTYPES=# PREFIX=(qaohv)~&@%+ CHANMODES=beI,kfL,lj,psmntirRcOAQKVCuzNSMTGZ NETWORK=synIRC CASEMAPPING=ascii EXTBAN=~,qjncrR ELIST=MNUCT :are supported by this server
13:13:44 :monster.va.us.synirc.net 005 Alexandra STATUSMSG=~&@%+ EXCEPTS INVEX :are supported by this server
13:13:44 :monster.va.us.synirc.net 251 Alexandra :There are 27 users and 6313 invisible on 17 servers
13:13:44 :monster.va.us.synirc.net 252 Alexandra 28 :operator(s) online
13:13:44 :monster.va.us.synirc.net 254 Alexandra 2388 :channels formed
13:13:44 :monster.va.us.synirc.net 255 Alexandra :I have 849 clients and 0 servers
13:13:44 :monster.va.us.synirc.net 265 Alexandra :Current Local Users: 849  Max: 995
13:13:44 :monster.va.us.synirc.net 266 Alexandra :Current Global Users: 6340  Max: 7920
13:13:44 :monster.va.us.synirc.net 375 Alexandra :- monster.va.us.synirc.net Message of the Day - 
13:13:44 :monster.va.us.synirc.net 372 Alexandra :- 1/2/2014 21:52
13:13:44 :monster.va.us.synirc.net 372 Alexandra :- This is the short MOTD. To view the complete MOTD type /motd
13:13:44 :monster.va.us.synirc.net 372 Alexandra :- 
13:13:44 :monster.va.us.synirc.net 372 Alexandra :- 
13:13:44 :monster.va.us.synirc.net 372 Alexandra :-                               .---. .---. 
13:13:44 :monster.va.us.synirc.net 372 Alexandra :-                              :     : o   :    me want cookie!
13:13:44 :monster.va.us.synirc.net 372 Alexandra :-                          _..-:   o :     :-.._    /
13:13:44 :monster.va.us.synirc.net 372 Alexandra :-                      .-''  '  `---' `---' "   ``-.    
13:13:44 :monster.va.us.synirc.net 372 Alexandra :-                    .'   "   '  "  .    "  . '  "  `.  
13:13:45 :monster.va.us.synirc.net 372 Alexandra :-                   :   '.---.,,.,...,.,.,.,..---.  ' ;
13:13:45 :monster.va.us.synirc.net 372 Alexandra :-                   `. " `.                     .' " .'
13:13:45 :monster.va.us.synirc.net 372 Alexandra :-                    `.  '`.                   .' ' .'
13:13:45 :monster.va.us.synirc.net 372 Alexandra :-                     `.    `-._           _.-' "  .'  .----.
13:13:45 :monster.va.us.synirc.net 372 Alexandra :-                       `. "    '"--...--"'  . ' .'  .'  o   `.
13:13:45 :monster.va.us.synirc.net 372 Alexandra :-                       .'`-._'    " .     " _.-'`. :       o  :
13:13:45 :monster.va.us.synirc.net 372 Alexandra :-                     .'      ```--.....--'''    ' `:_ o       :
13:13:45 :monster.va.us.synirc.net 372 Alexandra :-                   .'    "     '         "     "   ; `.;";";";'
13:13:45 :monster.va.us.synirc.net 372 Alexandra :-                  ;         '       "       '     . ; .' ; ; ;
13:13:45 :monster.va.us.synirc.net 372 Alexandra :-                 ;     '         '       '   "    .'      .-'
13:13:45 :monster.va.us.synirc.net 372 Alexandra :-                 '  "     "   '      "           "    _.-'
13:13:45 :monster.va.us.synirc.net 372 Alexandra :-                                                                       
13:13:45 :monster.va.us.synirc.net 372 Alexandra :-             ######  ##    ## ##    ## #### ########   ######  
13:13:45 :monster.va.us.synirc.net 372 Alexandra :-            ##    ##  ##  ##  ###   ##  ##  ##     ## ##    ## 
13:13:45 :monster.va.us.synirc.net 372 Alexandra :-            ##         ####   ####  ##  ##  ##     ## ##       
13:13:45 :monster.va.us.synirc.net 372 Alexandra :-             ######     ##    ## ## ##  ##  ########  ##       
13:13:45 :monster.va.us.synirc.net 372 Alexandra :-                  ##    ##    ##  ####  ##  ##   ##   ##       
13:13:45 :monster.va.us.synirc.net 372 Alexandra :-            ##    ##    ##    ##   ###  ##  ##    ##  ##    ##
13:13:45 :monster.va.us.synirc.net 372 Alexandra :-             ######     ##    ##    ## #### ##     ##  ######  
13:13:45 :monster.va.us.synirc.net 372 Alexandra :- 
13:13:45 :monster.va.us.synirc.net 372 Alexandra :-          |                                                    |
13:13:45 :monster.va.us.synirc.net 372 Alexandra :-        --+----------------------------------------------------+--
13:13:45 :monster.va.us.synirc.net 372 Alexandra :-          |                                                    |
13:13:45 :monster.va.us.synirc.net 372 Alexandra :-          | Welcome on monster.va.us.synirc.net                |
13:13:45 :monster.va.us.synirc.net 372 Alexandra :-          | Available ports: 6660-6669                         |
13:13:45 :monster.va.us.synirc.net 372 Alexandra :-          | SSL ports: 6697, 7001                              |
13:13:45 :monster.va.us.synirc.net 372 Alexandra :-          |                                                    |
13:13:45 :monster.va.us.synirc.net 372 Alexandra :-          | Server Admin: jon <jon@synirc.net>                 |
13:13:45 :monster.va.us.synirc.net 372 Alexandra :-          | Co-Admin    : Jake <jake@synirc.net>               |
13:13:45 :monster.va.us.synirc.net 372 Alexandra :-          |                                                    |
13:13:45 :monster.va.us.synirc.net 372 Alexandra :-        --+----------------------------------------------------+--
13:13:45 :monster.va.us.synirc.net 372 Alexandra :-          |                                                    |
13:13:45 :monster.va.us.synirc.net 372 Alexandra :- 
13:13:45 :monster.va.us.synirc.net 372 Alexandra :- DISCLAIMER:
13:13:45 :monster.va.us.synirc.net 372 Alexandra :- 
13:13:45 :monster.va.us.synirc.net 372 Alexandra :- synIRC.net will scan your IP for open proxies upon connection to our 
13:13:45 :monster.va.us.synirc.net 372 Alexandra :- services.  You must be 18 or older to connect and chat on our services, or 
13:13:45 :monster.va.us.synirc.net 372 Alexandra :- have parental consent. synIRC.net and its affiliates are not responsible 
13:13:45 :monster.va.us.synirc.net 372 Alexandra :- for any bodily or mental harm that could possibly come from using its 
13:13:45 :monster.va.us.synirc.net 372 Alexandra :- services. synIRC.net is not responsible for any data received or sent 
13:13:45 :monster.va.us.synirc.net 372 Alexandra :- out to our clients. By connecting, you consent to have logging of your 
13:13:45 :monster.va.us.synirc.net 372 Alexandra :- conversations done by other clients and are also bound to the rules and 
13:13:45 :monster.va.us.synirc.net 372 Alexandra :- regulations that can be found at http://www.synirc.net/charter/
13:13:45 :monster.va.us.synirc.net 372 Alexandra :- 
13:13:45 :monster.va.us.synirc.net 376 Alexandra :End of /MOTD command.
13:13:46 :monster.va.us.synirc.net 353 Alexandra = #scptestbot :Alexandra @Pixeltasim 
13:13:46 :monster.va.us.synirc.net 366 Alexandra #scptestbot :End of /NAMES list.
13:15:16 :monster.va.us.synirc.net 001 Alexandra :Welcome to the synIRC IRC Network Alexandra!~skybot@pool-96-253-116-52.rcmdva.fios.verizon.net
13:15:16 :monster.va.us.synirc.net 002 Alexandra :Your host is monster.va.us.synirc.net, running version Unreal3.2.9
13:15:16 :monster.va.us.synirc.net 003 Alexandra :This server was created Sat Mar 30 2013 at 21:56:47 UTC
13:15:16 :monster.va.us.synirc.net 004 Alexandra monster.va.us.synirc.net Unreal3.2.9 iowghraAsORTVSxNCWqBzvdHtGp lvhopsmntikrRcaqOALQbSeIKVfMCuzNTGjZ
13:15:16 :monster.va.us.synirc.net 005 Alexandra CMDS=KNOCK,MAP,DCCALLOW,USERIP UHNAMES NAMESX SAFELIST HCN MAXCHANNELS=40 CHANLIMIT=#:40 MAXLIST=b:60,e:60,I:60 NICKLEN=30 CHANNELLEN=32 TOPICLEN=307 KICKLEN=307 AWAYLEN=307 :are supported by this server
13:15:16 :monster.va.us.synirc.net 005 Alexandra MAXTARGETS=20 WALLCHOPS WATCH=128 WATCHOPTS=A SILENCE=15 MODES=12 CHANTYPES=# PREFIX=(qaohv)~&@%+ CHANMODES=beI,kfL,lj,psmntirRcOAQKVCuzNSMTGZ NETWORK=synIRC CASEMAPPING=ascii EXTBAN=~,qjncrR ELIST=MNUCT :are supported by this server
13:15:16 :monster.va.us.synirc.net 005 Alexandra STATUSMSG=~&@%+ EXCEPTS INVEX :are supported by this server
13:15:16 :monster.va.us.synirc.net 251 Alexandra :There are 27 users and 6319 invisible on 17 servers
13:15:16 :monster.va.us.synirc.net 252 Alexandra 28 :operator(s) online
13:15:16 :monster.va.us.synirc.net 253 Alexandra 3 :unknown connection(s)
13:15:16 :monster.va.us.synirc.net 254 Alexandra 2389 :channels formed
13:15:16 :monster.va.us.synirc.net 255 Alexandra :I have 849 clients and 0 servers
13:15:16 :monster.va.us.synirc.net 265 Alexandra :Current Local Users: 849  Max: 995
13:15:16 :monster.va.us.synirc.net 266 Alexandra :Current Global Users: 6346  Max: 7920
13:15:16 :monster.va.us.synirc.net 375 Alexandra :- monster.va.us.synirc.net Message of the Day - 
13:15:16 :monster.va.us.synirc.net 372 Alexandra :- 1/2/2014 21:52
13:15:16 :monster.va.us.synirc.net 372 Alexandra :- This is the short MOTD. To view the complete MOTD type /motd
13:15:16 :monster.va.us.synirc.net 372 Alexandra :- 
13:15:16 :monster.va.us.synirc.net 372 Alexandra :- 
13:15:16 :monster.va.us.synirc.net 372 Alexandra :-                               .---. .---. 
13:15:16 :monster.va.us.synirc.net 372 Alexandra :-                              :     : o   :    me want cookie!
13:15:16 :monster.va.us.synirc.net 372 Alexandra :-                          _..-:   o :     :-.._    /
13:15:16 :monster.va.us.synirc.net 372 Alexandra :-                      .-''  '  `---' `---' "   ``-.    
13:15:16 :monster.va.us.synirc.net 372 Alexandra :-                    .'   "   '  "  .    "  . '  "  `.  
13:15:16 :monster.va.us.synirc.net 372 Alexandra :-                   :   '.---.,,.,...,.,.,.,..---.  ' ;
13:15:16 :monster.va.us.synirc.net 372 Alexandra :-                   `. " `.                     .' " .'
13:15:16 :monster.va.us.synirc.net 372 Alexandra :-                    `.  '`.                   .' ' .'
13:15:16 :monster.va.us.synirc.net 372 Alexandra :-                     `.    `-._           _.-' "  .'  .----.
13:15:16 :monster.va.us.synirc.net 372 Alexandra :-                       `. "    '"--...--"'  . ' .'  .'  o   `.
13:15:16 :monster.va.us.synirc.net 372 Alexandra :-                       .'`-._'    " .     " _.-'`. :       o  :
13:15:16 :monster.va.us.synirc.net 372 Alexandra :-                     .'      ```--.....--'''    ' `:_ o       :
13:15:16 :monster.va.us.synirc.net 372 Alexandra :-                   .'    "     '         "     "   ; `.;";";";'
13:15:16 :monster.va.us.synirc.net 372 Alexandra :-                  ;         '       "       '     . ; .' ; ; ;
13:15:16 :monster.va.us.synirc.net 372 Alexandra :-                 ;     '         '       '   "    .'      .-'
13:15:16 :monster.va.us.synirc.net 372 Alexandra :-                 '  "     "   '      "           "    _.-'
13:15:16 :monster.va.us.synirc.net 372 Alexandra :-                                                                       
13:15:16 :monster.va.us.synirc.net 372 Alexandra :-             ######  ##    ## ##    ## #### ########   ######  
13:15:16 :monster.va.us.synirc.net 372 Alexandra :-            ##    ##  ##  ##  ###   ##  ##  ##     ## ##    ## 
13:15:16 :monster.va.us.synirc.net 372 Alexandra :-            ##         ####   ####  ##  ##  ##     ## ##       
13:15:16 :monster.va.us.synirc.net 372 Alexandra :-             ######     ##    ## ## ##  ##  ########  ##       
13:15:16 :monster.va.us.synirc.net 372 Alexandra :-                  ##    ##    ##  ####  ##  ##   ##   ##       
13:15:16 :monster.va.us.synirc.net 372 Alexandra :-            ##    ##    ##    ##   ###  ##  ##    ##  ##    ##
13:15:16 :monster.va.us.synirc.net 372 Alexandra :-             ######     ##    ##    ## #### ##     ##  ######  
13:15:16 :monster.va.us.synirc.net 372 Alexandra :- 
13:15:16 :monster.va.us.synirc.net 372 Alexandra :-          |                                                    |
13:15:16 :monster.va.us.synirc.net 372 Alexandra :-        --+----------------------------------------------------+--
13:15:16 :monster.va.us.synirc.net 372 Alexandra :-          |                                                    |
13:15:16 :monster.va.us.synirc.net 372 Alexandra :-          | Welcome on monster.va.us.synirc.net                |
13:15:16 :monster.va.us.synirc.net 372 Alexandra :-          | Available ports: 6660-6669                         |
13:15:16 :monster.va.us.synirc.net 372 Alexandra :-          | SSL ports: 6697, 7001                              |
13:15:16 :monster.va.us.synirc.net 372 Alexandra :-          |                                                    |
13:15:16 :monster.va.us.synirc.net 372 Alexandra :-          | Server Admin: jon <jon@synirc.net>                 |
13:15:16 :monster.va.us.synirc.net 372 Alexandra :-          | Co-Admin    : Jake <jake@synirc.net>               |
13:15:16 :monster.va.us.synirc.net 372 Alexandra :-          |                                                    |
13:15:16 :monster.va.us.synirc.net 372 Alexandra :-        --+----------------------------------------------------+--
13:15:16 :monster.va.us.synirc.net 372 Alexandra :-          |                                                    |
13:15:16 :monster.va.us.synirc.net 372 Alexandra :- 
13:15:16 :monster.va.us.synirc.net 372 Alexandra :- DISCLAIMER:
13:15:16 :monster.va.us.synirc.net 372 Alexandra :- 
13:15:16 :monster.va.us.synirc.net 372 Alexandra :- synIRC.net will scan your IP for open proxies upon connection to our 
13:15:16 :monster.va.us.synirc.net 372 Alexandra :- services.  You must be 18 or older to connect and chat on our services, or 
13:15:16 :monster.va.us.synirc.net 372 Alexandra :- have parental consent. synIRC.net and its affiliates are not responsible 
13:15:16 :monster.va.us.synirc.net 372 Alexandra :- for any bodily or mental harm that could possibly come from using its 
13:15:16 :monster.va.us.synirc.net 372 Alexandra :- services. synIRC.net is not responsible for any data received or sent 
13:15:16 :monster.va.us.synirc.net 372 Alexandra :- out to our clients. By connecting, you consent to have logging of your 
13:15:16 :monster.va.us.synirc.net 372 Alexandra :- conversations done by other clients and are also bound to the rules and 
13:15:16 :monster.va.us.synirc.net 372 Alexandra :- regulations that can be found at http://www.synirc.net/charter/
13:15:16 :monster.va.us.synirc.net 372 Alexandra :- 
13:15:16 :monster.va.us.synirc.net 376 Alexandra :End of /MOTD command.
13:15:17 :monster.va.us.synirc.net 353 Alexandra = #scptestbot :Alexandra @Pixeltasim 
13:15:17 :monster.va.us.synirc.net 366 Alexandra #scptestbot :End of /NAMES list.
13:15:48 :monster.va.us.synirc.net 001 Alexandra :Welcome to the synIRC IRC Network Alexandra!~skybot@pool-96-253-116-52.rcmdva.fios.verizon.net
13:15:48 :monster.va.us.synirc.net 002 Alexandra :Your host is monster.va.us.synirc.net, running version Unreal3.2.9
13:15:48 :monster.va.us.synirc.net 003 Alexandra :This server was created Sat Mar 30 2013 at 21:56:47 UTC
13:15:48 :monster.va.us.synirc.net 004 Alexandra monster.va.us.synirc.net Unreal3.2.9 iowghraAsORTVSxNCWqBzvdHtGp lvhopsmntikrRcaqOALQbSeIKVfMCuzNTGjZ
13:15:48 :monster.va.us.synirc.net 005 Alexandra CMDS=KNOCK,MAP,DCCALLOW,USERIP UHNAMES NAMESX SAFELIST HCN MAXCHANNELS=40 CHANLIMIT=#:40 MAXLIST=b:60,e:60,I:60 NICKLEN=30 CHANNELLEN=32 TOPICLEN=307 KICKLEN=307 AWAYLEN=307 :are supported by this server
13:15:48 :monster.va.us.synirc.net 005 Alexandra MAXTARGETS=20 WALLCHOPS WATCH=128 WATCHOPTS=A SILENCE=15 MODES=12 CHANTYPES=# PREFIX=(qaohv)~&@%+ CHANMODES=beI,kfL,lj,psmntirRcOAQKVCuzNSMTGZ NETWORK=synIRC CASEMAPPING=ascii EXTBAN=~,qjncrR ELIST=MNUCT :are supported by this server
13:15:48 :monster.va.us.synirc.net 005 Alexandra STATUSMSG=~&@%+ EXCEPTS INVEX :are supported by this server
13:15:48 :monster.va.us.synirc.net 251 Alexandra :There are 27 users and 6319 invisible on 17 servers
13:15:48 :monster.va.us.synirc.net 252 Alexandra 28 :operator(s) online
13:15:48 :monster.va.us.synirc.net 253 Alexandra 2 :unknown connection(s)
13:15:48 :monster.va.us.synirc.net 254 Alexandra 2389 :channels formed
13:15:48 :monster.va.us.synirc.net 255 Alexandra :I have 849 clients and 0 servers
13:15:48 :monster.va.us.synirc.net 265 Alexandra :Current Local Users: 849  Max: 995
13:15:48 :monster.va.us.synirc.net 266 Alexandra :Current Global Users: 6346  Max: 7920
13:15:48 :monster.va.us.synirc.net 375 Alexandra :- monster.va.us.synirc.net Message of the Day - 
13:15:48 :monster.va.us.synirc.net 372 Alexandra :- 1/2/2014 21:52
13:15:48 :monster.va.us.synirc.net 372 Alexandra :- This is the short MOTD. To view the complete MOTD type /motd
13:15:48 :monster.va.us.synirc.net 372 Alexandra :- 
13:15:48 :monster.va.us.synirc.net 372 Alexandra :- 
13:15:48 :monster.va.us.synirc.net 372 Alexandra :-                               .---. .---. 
13:15:48 :monster.va.us.synirc.net 372 Alexandra :-                              :     : o   :    me want cookie!
13:15:48 :monster.va.us.synirc.net 372 Alexandra :-                          _..-:   o :     :-.._    /
13:15:48 :monster.va.us.synirc.net 372 Alexandra :-                      .-''  '  `---' `---' "   ``-.    
13:15:48 :monster.va.us.synirc.net 372 Alexandra :-                    .'   "   '  "  .    "  . '  "  `.  
13:15:48 :monster.va.us.synirc.net 372 Alexandra :-                   :   '.---.,,.,...,.,.,.,..---.  ' ;
13:15:48 :monster.va.us.synirc.net 372 Alexandra :-                   `. " `.                     .' " .'
13:15:48 :monster.va.us.synirc.net 372 Alexandra :-                    `.  '`.                   .' ' .'
13:15:48 :monster.va.us.synirc.net 372 Alexandra :-                     `.    `-._           _.-' "  .'  .----.
13:15:48 :monster.va.us.synirc.net 372 Alexandra :-                       `. "    '"--...--"'  . ' .'  .'  o   `.
13:15:48 :monster.va.us.synirc.net 372 Alexandra :-                       .'`-._'    " .     " _.-'`. :       o  :
13:15:48 :monster.va.us.synirc.net 372 Alexandra :-                     .'      ```--.....--'''    ' `:_ o       :
13:15:48 :monster.va.us.synirc.net 372 Alexandra :-                   .'    "     '         "     "   ; `.;";";";'
13:15:48 :monster.va.us.synirc.net 372 Alexandra :-                  ;         '       "       '     . ; .' ; ; ;
13:15:48 :monster.va.us.synirc.net 372 Alexandra :-                 ;     '         '       '   "    .'      .-'
13:15:48 :monster.va.us.synirc.net 372 Alexandra :-                 '  "     "   '      "           "    _.-'
13:15:48 :monster.va.us.synirc.net 372 Alexandra :-                                                                       
13:15:48 :monster.va.us.synirc.net 372 Alexandra :-             ######  ##    ## ##    ## #### ########   ######  
13:15:48 :monster.va.us.synirc.net 372 Alexandra :-            ##    ##  ##  ##  ###   ##  ##  ##     ## ##    ## 
13:15:48 :monster.va.us.synirc.net 372 Alexandra :-            ##         ####   ####  ##  ##  ##     ## ##       
13:15:48 :monster.va.us.synirc.net 372 Alexandra :-             ######     ##    ## ## ##  ##  ########  ##       
13:15:48 :monster.va.us.synirc.net 372 Alexandra :-                  ##    ##    ##  ####  ##  ##   ##   ##       
13:15:48 :monster.va.us.synirc.net 372 Alexandra :-            ##    ##    ##    ##   ###  ##  ##    ##  ##    ##
13:15:48 :monster.va.us.synirc.net 372 Alexandra :-             ######     ##    ##    ## #### ##     ##  ######  
13:15:48 :monster.va.us.synirc.net 372 Alexandra :- 
13:15:48 :monster.va.us.synirc.net 372 Alexandra :-          |                                                    |
13:15:48 :monster.va.us.synirc.net 372 Alexandra :-        --+----------------------------------------------------+--
13:15:48 :monster.va.us.synirc.net 372 Alexandra :-          |                                                    |
13:15:48 :monster.va.us.synirc.net 372 Alexandra :-          | Welcome on monster.va.us.synirc.net                |
13:15:48 :monster.va.us.synirc.net 372 Alexandra :-          | Available ports: 6660-6669                         |
13:15:48 :monster.va.us.synirc.net 372 Alexandra :-          | SSL ports: 6697, 7001                              |
13:15:48 :monster.va.us.synirc.net 372 Alexandra :-          |                                                    |
13:15:48 :monster.va.us.synirc.net 372 Alexandra :-          | Server Admin: jon <jon@synirc.net>                 |
13:15:48 :monster.va.us.synirc.net 372 Alexandra :-          | Co-Admin    : Jake <jake@synirc.net>               |
13:15:48 :monster.va.us.synirc.net 372 Alexandra :-          |                                                    |
13:15:48 :monster.va.us.synirc.net 372 Alexandra :-        --+----------------------------------------------------+--
13:15:48 :monster.va.us.synirc.net 372 Alexandra :-          |                                                    |
13:15:48 :monster.va.us.synirc.net 372 Alexandra :- 
13:15:48 :monster.va.us.synirc.net 372 Alexandra :- DISCLAIMER:
13:15:48 :monster.va.us.synirc.net 372 Alexandra :- 
13:15:48 :monster.va.us.synirc.net 372 Alexandra :- synIRC.net will scan your IP for open proxies upon connection to our 
13:15:48 :monster.va.us.synirc.net 372 Alexandra :- services.  You must be 18 or older to connect and chat on our services, or 
13:15:48 :monster.va.us.synirc.net 372 Alexandra :- have parental consent. synIRC.net and its affiliates are not responsible 
13:15:48 :monster.va.us.synirc.net 372 Alexandra :- for any bodily or mental harm that could possibly come from using its 
13:15:48 :monster.va.us.synirc.net 372 Alexandra :- services. synIRC.net is not responsible for any data received or sent 
13:15:48 :monster.va.us.synirc.net 372 Alexandra :- out to our clients. By connecting, you consent to have logging of your 
13:15:48 :monster.va.us.synirc.net 372 Alexandra :- conversations done by other clients and are also bound to the rules and 
13:15:48 :monster.va.us.synirc.net 372 Alexandra :- regulations that can be found at http://www.synirc.net/charter/
13:15:48 :monster.va.us.synirc.net 372 Alexandra :- 
13:15:48 :monster.va.us.synirc.net 376 Alexandra :End of /MOTD command.
13:15:49 :monster.va.us.synirc.net 353 Alexandra = #scptestbot :Alexandra @Pixeltasim 
13:15:49 :monster.va.us.synirc.net 366 Alexandra #scptestbot :End of /NAMES list.
15:22:49 :monster.va.us.synirc.net 001 Alexandra :Welcome to the synIRC IRC Network Alexandra!~skybot@pool-96-253-116-52.rcmdva.fios.verizon.net
15:22:49 :monster.va.us.synirc.net 002 Alexandra :Your host is monster.va.us.synirc.net, running version Unreal3.2.9
15:22:49 :monster.va.us.synirc.net 003 Alexandra :This server was created Sat Mar 30 2013 at 21:56:47 UTC
15:22:49 :monster.va.us.synirc.net 004 Alexandra monster.va.us.synirc.net Unreal3.2.9 iowghraAsORTVSxNCWqBzvdHtGp lvhopsmntikrRcaqOALQbSeIKVfMCuzNTGjZ
15:22:49 :monster.va.us.synirc.net 005 Alexandra CMDS=KNOCK,MAP,DCCALLOW,USERIP UHNAMES NAMESX SAFELIST HCN MAXCHANNELS=40 CHANLIMIT=#:40 MAXLIST=b:60,e:60,I:60 NICKLEN=30 CHANNELLEN=32 TOPICLEN=307 KICKLEN=307 AWAYLEN=307 :are supported by this server
15:22:49 :monster.va.us.synirc.net 005 Alexandra MAXTARGETS=20 WALLCHOPS WATCH=128 WATCHOPTS=A SILENCE=15 MODES=12 CHANTYPES=# PREFIX=(qaohv)~&@%+ CHANMODES=beI,kfL,lj,psmntirRcOAQKVCuzNSMTGZ NETWORK=synIRC CASEMAPPING=ascii EXTBAN=~,qjncrR ELIST=MNUCT :are supported by this server
15:22:49 :monster.va.us.synirc.net 005 Alexandra STATUSMSG=~&@%+ EXCEPTS INVEX :are supported by this server
15:22:49 :monster.va.us.synirc.net 251 Alexandra :There are 27 users and 6519 invisible on 17 servers
15:22:49 :monster.va.us.synirc.net 252 Alexandra 28 :operator(s) online
15:22:49 :monster.va.us.synirc.net 253 Alexandra 3 :unknown connection(s)
15:22:49 :monster.va.us.synirc.net 254 Alexandra 2447 :channels formed
15:22:49 :monster.va.us.synirc.net 255 Alexandra :I have 862 clients and 0 servers
15:22:49 :monster.va.us.synirc.net 265 Alexandra :Current Local Users: 862  Max: 995
15:22:49 :monster.va.us.synirc.net 266 Alexandra :Current Global Users: 6546  Max: 7920
15:22:49 :monster.va.us.synirc.net 375 Alexandra :- monster.va.us.synirc.net Message of the Day - 
15:22:49 :monster.va.us.synirc.net 372 Alexandra :- 1/2/2014 21:52
15:22:49 :monster.va.us.synirc.net 372 Alexandra :- This is the short MOTD. To view the complete MOTD type /motd
15:22:49 :monster.va.us.synirc.net 372 Alexandra :- 
15:22:49 :monster.va.us.synirc.net 372 Alexandra :- 
15:22:49 :monster.va.us.synirc.net 372 Alexandra :-                               .---. .---. 
15:22:49 :monster.va.us.synirc.net 372 Alexandra :-                              :     : o   :    me want cookie!
15:22:49 :monster.va.us.synirc.net 372 Alexandra :-                          _..-:   o :     :-.._    /
15:22:49 :monster.va.us.synirc.net 372 Alexandra :-                      .-''  '  `---' `---' "   ``-.    
15:22:49 :monster.va.us.synirc.net 372 Alexandra :-                    .'   "   '  "  .    "  . '  "  `.  
15:22:49 :monster.va.us.synirc.net 372 Alexandra :-                   :   '.---.,,.,...,.,.,.,..---.  ' ;
15:22:49 :monster.va.us.synirc.net 372 Alexandra :-                   `. " `.                     .' " .'
15:22:49 :monster.va.us.synirc.net 372 Alexandra :-                    `.  '`.                   .' ' .'
15:22:49 :monster.va.us.synirc.net 372 Alexandra :-                     `.    `-._           _.-' "  .'  .----.
15:22:49 :monster.va.us.synirc.net 372 Alexandra :-                       `. "    '"--...--"'  . ' .'  .'  o   `.
15:22:49 :monster.va.us.synirc.net 372 Alexandra :-                       .'`-._'    " .     " _.-'`. :       o  :
15:22:49 :monster.va.us.synirc.net 372 Alexandra :-                     .'      ```--.....--'''    ' `:_ o       :
15:22:49 :monster.va.us.synirc.net 372 Alexandra :-                   .'    "     '         "     "   ; `.;";";";'
15:22:49 :monster.va.us.synirc.net 372 Alexandra :-                  ;         '       "       '     . ; .' ; ; ;
15:22:49 :monster.va.us.synirc.net 372 Alexandra :-                 ;     '         '       '   "    .'      .-'
15:22:49 :monster.va.us.synirc.net 372 Alexandra :-                 '  "     "   '      "           "    _.-'
15:22:49 :monster.va.us.synirc.net 372 Alexandra :-                                                                       
15:22:49 :monster.va.us.synirc.net 372 Alexandra :-             ######  ##    ## ##    ## #### ########   ######  
15:22:49 :monster.va.us.synirc.net 372 Alexandra :-            ##    ##  ##  ##  ###   ##  ##  ##     ## ##    ## 
15:22:49 :monster.va.us.synirc.net 372 Alexandra :-            ##         ####   ####  ##  ##  ##     ## ##       
15:22:49 :monster.va.us.synirc.net 372 Alexandra :-             ######     ##    ## ## ##  ##  ########  ##       
15:22:49 :monster.va.us.synirc.net 372 Alexandra :-                  ##    ##    ##  ####  ##  ##   ##   ##       
15:22:49 :monster.va.us.synirc.net 372 Alexandra :-            ##    ##    ##    ##   ###  ##  ##    ##  ##    ##
15:22:49 :monster.va.us.synirc.net 372 Alexandra :-             ######     ##    ##    ## #### ##     ##  ######  
15:22:49 :monster.va.us.synirc.net 372 Alexandra :- 
15:22:49 :monster.va.us.synirc.net 372 Alexandra :-          |                                                    |
15:22:49 :monster.va.us.synirc.net 372 Alexandra :-        --+----------------------------------------------------+--
15:22:49 :monster.va.us.synirc.net 372 Alexandra :-          |                                                    |
15:22:49 :monster.va.us.synirc.net 372 Alexandra :-          | Welcome on monster.va.us.synirc.net                |
15:22:49 :monster.va.us.synirc.net 372 Alexandra :-          | Available ports: 6660-6669                         |
15:22:49 :monster.va.us.synirc.net 372 Alexandra :-          | SSL ports: 6697, 7001                              |
15:22:49 :monster.va.us.synirc.net 372 Alexandra :-          |                                                    |
15:22:49 :monster.va.us.synirc.net 372 Alexandra :-          | Server Admin: jon <jon@synirc.net>                 |
15:22:49 :monster.va.us.synirc.net 372 Alexandra :-          | Co-Admin    : Jake <jake@synirc.net>               |
15:22:49 :monster.va.us.synirc.net 372 Alexandra :-          |                                                    |
15:22:49 :monster.va.us.synirc.net 372 Alexandra :-        --+----------------------------------------------------+--
15:22:49 :monster.va.us.synirc.net 372 Alexandra :-          |                                                    |
15:22:49 :monster.va.us.synirc.net 372 Alexandra :- 
15:22:49 :monster.va.us.synirc.net 372 Alexandra :- DISCLAIMER:
15:22:49 :monster.va.us.synirc.net 372 Alexandra :- 
15:22:49 :monster.va.us.synirc.net 372 Alexandra :- synIRC.net will scan your IP for open proxies upon connection to our 
15:22:49 :monster.va.us.synirc.net 372 Alexandra :- services.  You must be 18 or older to connect and chat on our services, or 
15:22:49 :monster.va.us.synirc.net 372 Alexandra :- have parental consent. synIRC.net and its affiliates are not responsible 
15:22:49 :monster.va.us.synirc.net 372 Alexandra :- for any bodily or mental harm that could possibly come from using its 
15:22:49 :monster.va.us.synirc.net 372 Alexandra :- services. synIRC.net is not responsible for any data received or sent 
15:22:49 :monster.va.us.synirc.net 372 Alexandra :- out to our clients. By connecting, you consent to have logging of your 
15:22:49 :monster.va.us.synirc.net 372 Alexandra :- conversations done by other clients and are also bound to the rules and 
15:22:49 :monster.va.us.synirc.net 372 Alexandra :- regulations that can be found at http://www.synirc.net/charter/
15:22:49 :monster.va.us.synirc.net 372 Alexandra :- 
15:22:49 :monster.va.us.synirc.net 376 Alexandra :End of /MOTD command.
15:22:50 :monster.va.us.synirc.net 353 Alexandra = #scptestbot :Alexandra @Pixeltasim 
15:22:50 :monster.va.us.synirc.net 366 Alexandra #scptestbot :End of /NAMES list.
15:25:42 :monster.va.us.synirc.net 001 Alexandra :Welcome to the synIRC IRC Network Alexandra!~skybot@pool-96-253-116-52.rcmdva.fios.verizon.net
15:25:42 :monster.va.us.synirc.net 002 Alexandra :Your host is monster.va.us.synirc.net, running version Unreal3.2.9
15:25:42 :monster.va.us.synirc.net 003 Alexandra :This server was created Sat Mar 30 2013 at 21:56:47 UTC
15:25:42 :monster.va.us.synirc.net 004 Alexandra monster.va.us.synirc.net Unreal3.2.9 iowghraAsORTVSxNCWqBzvdHtGp lvhopsmntikrRcaqOALQbSeIKVfMCuzNTGjZ
15:25:42 :monster.va.us.synirc.net 005 Alexandra CMDS=KNOCK,MAP,DCCALLOW,USERIP UHNAMES NAMESX SAFELIST HCN MAXCHANNELS=40 CHANLIMIT=#:40 MAXLIST=b:60,e:60,I:60 NICKLEN=30 CHANNELLEN=32 TOPICLEN=307 KICKLEN=307 AWAYLEN=307 :are supported by this server
15:25:42 :monster.va.us.synirc.net 005 Alexandra MAXTARGETS=20 WALLCHOPS WATCH=128 WATCHOPTS=A SILENCE=15 MODES=12 CHANTYPES=# PREFIX=(qaohv)~&@%+ CHANMODES=beI,kfL,lj,psmntirRcOAQKVCuzNSMTGZ NETWORK=synIRC CASEMAPPING=ascii EXTBAN=~,qjncrR ELIST=MNUCT :are supported by this server
15:25:42 :monster.va.us.synirc.net 005 Alexandra STATUSMSG=~&@%+ EXCEPTS INVEX :are supported by this server
15:25:42 :monster.va.us.synirc.net 251 Alexandra :There are 27 users and 6520 invisible on 17 servers
15:25:42 :monster.va.us.synirc.net 252 Alexandra 28 :operator(s) online
15:25:42 :monster.va.us.synirc.net 253 Alexandra 2 :unknown connection(s)
15:25:42 :monster.va.us.synirc.net 254 Alexandra 2450 :channels formed
15:25:42 :monster.va.us.synirc.net 255 Alexandra :I have 860 clients and 0 servers
15:25:42 :monster.va.us.synirc.net 265 Alexandra :Current Local Users: 860  Max: 995
15:25:42 :monster.va.us.synirc.net 266 Alexandra :Current Global Users: 6547  Max: 7920
15:25:42 :monster.va.us.synirc.net 375 Alexandra :- monster.va.us.synirc.net Message of the Day - 
15:25:42 :monster.va.us.synirc.net 372 Alexandra :- 1/2/2014 21:52
15:25:42 :monster.va.us.synirc.net 372 Alexandra :- This is the short MOTD. To view the complete MOTD type /motd
15:25:42 :monster.va.us.synirc.net 372 Alexandra :- 
15:25:42 :monster.va.us.synirc.net 372 Alexandra :- 
15:25:42 :monster.va.us.synirc.net 372 Alexandra :-                               .---. .---. 
15:25:42 :monster.va.us.synirc.net 372 Alexandra :-                              :     : o   :    me want cookie!
15:25:42 :monster.va.us.synirc.net 372 Alexandra :-                          _..-:   o :     :-.._    /
15:25:42 :monster.va.us.synirc.net 372 Alexandra :-                      .-''  '  `---' `---' "   ``-.    
15:25:42 :monster.va.us.synirc.net 372 Alexandra :-                    .'   "   '  "  .    "  . '  "  `.  
15:25:42 :monster.va.us.synirc.net 372 Alexandra :-                   :   '.---.,,.,...,.,.,.,..---.  ' ;
15:25:42 :monster.va.us.synirc.net 372 Alexandra :-                   `. " `.                     .' " .'
15:25:42 :monster.va.us.synirc.net 372 Alexandra :-                    `.  '`.                   .' ' .'
15:25:42 :monster.va.us.synirc.net 372 Alexandra :-                     `.    `-._           _.-' "  .'  .----.
15:25:42 :monster.va.us.synirc.net 372 Alexandra :-                       `. "    '"--...--"'  . ' .'  .'  o   `.
15:25:42 :monster.va.us.synirc.net 372 Alexandra :-                       .'`-._'    " .     " _.-'`. :       o  :
15:25:42 :monster.va.us.synirc.net 372 Alexandra :-                     .'      ```--.....--'''    ' `:_ o       :
15:25:42 :monster.va.us.synirc.net 372 Alexandra :-                   .'    "     '         "     "   ; `.;";";";'
15:25:42 :monster.va.us.synirc.net 372 Alexandra :-                  ;         '       "       '     . ; .' ; ; ;
15:25:42 :monster.va.us.synirc.net 372 Alexandra :-                 ;     '         '       '   "    .'      .-'
15:25:42 :monster.va.us.synirc.net 372 Alexandra :-                 '  "     "   '      "           "    _.-'
15:25:42 :monster.va.us.synirc.net 372 Alexandra :-                                                                       
15:25:42 :monster.va.us.synirc.net 372 Alexandra :-             ######  ##    ## ##    ## #### ########   ######  
15:25:42 :monster.va.us.synirc.net 372 Alexandra :-            ##    ##  ##  ##  ###   ##  ##  ##     ## ##    ## 
15:25:42 :monster.va.us.synirc.net 372 Alexandra :-            ##         ####   ####  ##  ##  ##     ## ##       
15:25:42 :monster.va.us.synirc.net 372 Alexandra :-             ######     ##    ## ## ##  ##  ########  ##       
15:25:42 :monster.va.us.synirc.net 372 Alexandra :-                  ##    ##    ##  ####  ##  ##   ##   ##       
15:25:42 :monster.va.us.synirc.net 372 Alexandra :-            ##    ##    ##    ##   ###  ##  ##    ##  ##    ##
15:25:42 :monster.va.us.synirc.net 372 Alexandra :-             ######     ##    ##    ## #### ##     ##  ######  
15:25:42 :monster.va.us.synirc.net 372 Alexandra :- 
15:25:42 :monster.va.us.synirc.net 372 Alexandra :-          |                                                    |
15:25:42 :monster.va.us.synirc.net 372 Alexandra :-        --+----------------------------------------------------+--
15:25:42 :monster.va.us.synirc.net 372 Alexandra :-          |                                                    |
15:25:42 :monster.va.us.synirc.net 372 Alexandra :-          | Welcome on monster.va.us.synirc.net                |
15:25:42 :monster.va.us.synirc.net 372 Alexandra :-          | Available ports: 6660-6669                         |
15:25:42 :monster.va.us.synirc.net 372 Alexandra :-          | SSL ports: 6697, 7001                              |
15:25:42 :monster.va.us.synirc.net 372 Alexandra :-          |                                                    |
15:25:42 :monster.va.us.synirc.net 372 Alexandra :-          | Server Admin: jon <jon@synirc.net>                 |
15:25:42 :monster.va.us.synirc.net 372 Alexandra :-          | Co-Admin    : Jake <jake@synirc.net>               |
15:25:42 :monster.va.us.synirc.net 372 Alexandra :-          |                                                    |
15:25:42 :monster.va.us.synirc.net 372 Alexandra :-        --+----------------------------------------------------+--
15:25:42 :monster.va.us.synirc.net 372 Alexandra :-          |                                                    |
15:25:42 :monster.va.us.synirc.net 372 Alexandra :- 
15:25:42 :monster.va.us.synirc.net 372 Alexandra :- DISCLAIMER:
15:25:42 :monster.va.us.synirc.net 372 Alexandra :- 
15:25:42 :monster.va.us.synirc.net 372 Alexandra :- synIRC.net will scan your IP for open proxies upon connection to our 
15:25:42 :monster.va.us.synirc.net 372 Alexandra :- services.  You must be 18 or older to connect and chat on our services, or 
15:25:42 :monster.va.us.synirc.net 372 Alexandra :- have parental consent. synIRC.net and its affiliates are not responsible 
15:25:42 :monster.va.us.synirc.net 372 Alexandra :- for any bodily or mental harm that could possibly come from using its 
15:25:42 :monster.va.us.synirc.net 372 Alexandra :- services. synIRC.net is not responsible for any data received or sent 
15:25:42 :monster.va.us.synirc.net 372 Alexandra :- out to our clients. By connecting, you consent to have logging of your 
15:25:42 :monster.va.us.synirc.net 372 Alexandra :- conversations done by other clients and are also bound to the rules and 
15:25:42 :monster.va.us.synirc.net 372 Alexandra :- regulations that can be found at http://www.synirc.net/charter/
15:25:42 :monster.va.us.synirc.net 372 Alexandra :- 
15:25:42 :monster.va.us.synirc.net 376 Alexandra :End of /MOTD command.
15:25:43 :monster.va.us.synirc.net 353 Alexandra = #scptestbot :Alexandra @Pixeltasim 
15:25:43 :monster.va.us.synirc.net 366 Alexandra #scptestbot :End of /NAMES list.
