00:34:56 :Soulless!H@ve.no.fear.Splendorman.is.here NICK :Soulless|Gam
01:00:41 :RobWatson!~Android@F3B7B83C.B8869168.1021C5DD.IP NICK :ButtWatson
01:03:34 :ButtWatson!~Android@F3B7B83C.B8869168.1021C5DD.IP NICK :RobWatson
01:36:05 :Soulless|Gam!H@ve.no.fear.Splendorman.is.here NICK :Soulless
01:40:44 :Dr_Kens!~The_Kens@vacuums.really.suck NICK :Kens_Away
02:12:26 :Roget!whose@the.saurus NICK :Roget|FarCry3
02:16:09 :Roget|FarCry3!whose@the.saurus NICK :Roget|Skyrim
02:20:04 :Roget|Skyrim!whose@the.saurus NICK :Roget|VideoJames
02:21:07 :ozzoroboros!Mibbit@synIRC-25C05B19.dslextreme.com NICK :Ooze
02:27:06 :Blaroth!~androirc@synIRC-3BBBEF4F.threembb.co.uk NICK :Roth
02:28:57 :tahugamin!ye.m@ngy.wazzocking.scallywags NICK :tahunu
02:37:29 :Roget|VideoJames!whose@the.saurus NICK :Roget|NewVegas
02:38:32 :Vorcha!g@vorns.tricks NICK :Vorchasleep
02:39:41 :Roget|NewVegas!whose@the.saurus NICK :Roget|Slumbers
02:45:25 :Roth!~androirc@synIRC-3BBBEF4F.threembb.co.uk NICK :RothSleepin
03:00:19 :Kens_Away!~The_Kens@vacuums.really.suck NICK :Dr_Kens
03:46:30 :Vivax_!~chatzilla@synIRC-85CF8A6C.nycap.res.rr.com NICK :Vivax
03:57:16 :The_Morph!~nono16@synIRC-80CE260F.dip0.t-ipconnect.de NICK :OldGrumpy
04:35:16 :ProcyonLotor!Procy@Riemann.Is.Great NICK :ProcyonBRB
05:35:27 :BreadProduct_!~chatzilla@E706F7A3.DB3CCB07.AB93B733.IP NICK :BreadProduct
05:51:04 :Xiao!running@into.the.sun NICK :Sax
06:09:27 :Pendragon!Mibbit@synIRC-45D1E8A9.hsd1.or.comcast.net NICK :Sleepdragon
06:33:14 :SoulSoul!~Soulless@synIRC-F8BEB16F.dyn.optonline.net NICK :Soulless
06:46:33 :Cranium!~HurrDurr@synIRC-DCDC7CCC.net NICK :Cranium[Away]
07:09:02 :Soulless!H@ve.no.fear.Splendorman.is.here NICK :Soulless|Dreamin
07:38:19 :Cain!Mibbit@synIRC-3923BCF.tampfl.fios.verizon.net NICK :Dale
07:38:30 :Dale!Mibbit@synIRC-3923BCF.tampfl.fios.verizon.net NICK :Boomhower
07:38:37 :Boomhower!Mibbit@synIRC-3923BCF.tampfl.fios.verizon.net NICK :Cain
07:47:41 :Deinoms!~chatzilla@synIRC-D2F05B13.dyn.iinet.net.au NICK :Deimos
08:05:13 :ProcyonLotor!~Procyon@synIRC-5EFF4D25.lightspeed.cicril.sbcglobal.net NICK :ProcyonGone
09:31:00 :Silberescher!~chatzilla@E890BEF2.C8E1B43C.36C55C32.IP NICK :Silber
11:25:39 :Gaffsey!~Owner@synIRC-2BBFE614.hsd1.in.comcast.net NICK :Claffsey
11:38:50 :Silberescher!~chatzilla@8426E4AE.35F2CA1D.93DE73CD.IP NICK :Silber
11:43:23 :Reach!Mibbit@synIRC-DF0CF764.red-80-34-35.staticip.rima-tde.net NICK :outofReach
11:45:48 :Vorchasleep!g@vorns.tricks NICK :Vorcha
12:20:39 :Eskobear!Eskobar@excuse.me.problem.is.there.an.officer NICK :Eskaway
12:22:48 :Gujzo_2!Mibbit@EE492992.845FEDD0.5B32D452.IP NICK :Gujzo
13:22:20 :AndroUser2!~androirc@synIRC-BFB66A2.threembb.co.uk NICK :Roth
13:23:17 :Blaroth!~androirc@synIRC-BFB66A2.threembb.co.uk NICK :Roth
13:42:41 :Crayne!Mibbit@F53BD043.81B433DD.DC7E8B0B.IP NICK :Craynaway
14:21:03 :Eskaway!Eskobar@excuse.me.problem.is.there.an.officer NICK :Eskoear
14:22:38 :Eskoear!Eskobar@excuse.me.problem.is.there.an.officer NICK :Eskobear
14:25:27 :Sleepdragon!Mibbit@synIRC-45D1E8A9.hsd1.or.comcast.net NICK :Pendragon
14:28:34 :Cranium[Away]!~HurrDurr@synIRC-DCDC7CCC.net NICK :Cranium
14:32:07 :Silberescher!~chatzilla@6652C7EB.A072279B.7981AF31.IP NICK :Silber
14:33:16 :Gujzo!Mibbit@EE492992.845FEDD0.5B32D452.IP NICK :Gujzo_will_be_back
14:34:44 :Gujzo_will_be_back!Mibbit@EE492992.845FEDD0.5B32D452.IP NICK :Gujzo
14:48:27 :tahunu!ye.m@ngy.wazzocking.scallywags NICK :tahugamin
14:51:47 :Vince!~Vince@synIRC-37CB5AB6.yk1.cm.dyn.comporium.net NICK :Vince|Mobile
14:56:07 :Eskobear!Eskobar@excuse.me.problem.is.there.an.officer NICK :Eskaway
15:28:43 :Gujzo!Mibbit@EE492992.845FEDD0.5B32D452.IP NICK :Gujzo_away
15:41:54 :Silberescher!~chatzilla@AC3258D7.6B5828EC.8082605.IP NICK :Silber
16:05:51 :AndarielHalo!~Andariel@She.e.e.e.e.e.it NICK :bathing
16:12:51 :Gujzo_away!Mibbit@EE492992.845FEDD0.5B32D452.IP NICK :gujzo
16:12:56 :gujzo!Mibbit@EE492992.845FEDD0.5B32D452.IP NICK :Gujzo
16:24:41 :bathing!~Andariel@She.e.e.e.e.e.it NICK :AndarielHalo
16:31:03 :Silberescher!~chatzilla@9BD4E93B.47EC70A8.36C55C32.IP NICK :Silber
16:47:05 :Waterfire!~chatzilla@synIRC-DD745CE7.bltmmd.fios.verizon.net NICK :WF_AFK
16:47:09 :WF_AFK!~chatzilla@synIRC-DD745CE7.bltmmd.fios.verizon.net NICK :Waterfire
16:47:40 :Waterfire!~chatzilla@synIRC-DD745CE7.bltmmd.fios.verizon.net NICK :WF_AFK
16:56:34 :Eskaway!Eskobar@excuse.me.problem.is.there.an.officer NICK :Eskobear
17:05:29 :Eskobear!Eskobar@excuse.me.problem.is.there.an.officer NICK :Eskaway
17:24:53 :Scantron!69.420.69@420.69.420.69.420.69.420.69.420.69.420.69.420.69.420.69 NICK :ScanAFK
17:37:51 :tahunu!ye.m@ngy.wazzocking.scallywags NICK :tahugamin
17:42:43 :WF_AFK!~chatzilla@synIRC-DD745CE7.bltmmd.fios.verizon.net NICK :Waterfire
17:43:15 :Waterfire!~chatzilla@synIRC-DD745CE7.bltmmd.fios.verizon.net NICK :WF_AFK
17:53:45 :Silberescher!~chatzilla@synIRC-89FBA3E4.pools.spcsdns.net NICK :Silber
17:55:48 :ProcyonLotor!Procy@Riemann.Is.Great NICK :ProcyonAway
18:07:32 :Claffsey!~Owner@synIRC-2BBFE614.hsd1.in.comcast.net NICK :Gaffsey
18:16:16 :DrWatson!~Android@4216543.76CCCF39.E7DC6671.IP NICK :RobEatson
18:16:37 :RobEatson!~Android@4216543.76CCCF39.E7DC6671.IP NICK :RobWatson
18:26:42 :Pendragon!Mibbit@synIRC-45D1E8A9.hsd1.or.comcast.net NICK :PendrXCOM
18:30:53 :PendrXCOM!Mibbit@synIRC-45D1E8A9.hsd1.or.comcast.net NICK :Pendragon
18:37:03 :ProcyonAway!Procy@Riemann.Is.Great NICK :ProcyonPing
18:49:29 :Kens|Labwork!~chatzilla@E12C9A6B.E047423E.41CF1C36.IP NICK :Kens_Away
18:50:04 :Kens_Away!~chatzilla@E12C9A6B.E047423E.41CF1C36.IP NICK :Kens|Labwork
19:02:07 :Pendragon!Mibbit@synIRC-45D1E8A9.hsd1.or.comcast.net NICK :Foodragomn
19:02:11 :Foodragomn!Mibbit@synIRC-45D1E8A9.hsd1.or.comcast.net NICK :Foodragon
19:03:45 :Foodragon!Mibbit@synIRC-45D1E8A9.hsd1.or.comcast.net NICK :Pendragon
19:38:58 :ProcyonLotor!Procy@Riemann.Is.Great NICK :ProcyonBRB
19:45:52 :Tuomey!you@arentmy.realdad NICK :TombAway
19:56:42 :ProcyonBRB!Procy@Riemann.Is.Great NICK :ProcyonLotor
19:57:31 :Roget!whose@the.saurus NICK :Roget|Nidhogg
20:10:45 :tahugamin!ye.m@ngy.wazzocking.scallywags NICK :tahunu
20:39:45 :whyzhong!who.what@why.quack NICK :weitoobusy
20:43:45 :Reach!Mibbit@synIRC-DF0CF764.red-80-34-35.staticip.rima-tde.net NICK :outofReach
20:47:48 :Vince!~Vince@synIRC-37CB5AB6.yk1.cm.dyn.comporium.net NICK :Vince|Mobile
20:54:31 :Roget|Nidhogg!whose@the.saurus NICK :Roget
20:55:17 :TombAway!you@arentmy.realdad NICK :Tuomey
20:56:50 :tahunu!ye.m@ngy.wazzocking.scallywags NICK :tahugamin
21:06:18 :outofReach!Mibbit@synIRC-DF0CF764.red-80-34-35.staticip.rima-tde.net NICK :Reach
21:53:41 :Roget!whose@the.saurus NICK :Roget|Dines
22:04:15 :Roget|Dines!whose@the.saurus NICK :Roget
22:25:00 :ScanAFK!69.420.69@420.69.420.69.420.69.420.69.420.69.420.69.420.69.420.69 NICK :Scantron
22:30:45 :ProcyonLotor!Procy@Riemann.Is.Great NICK :ProcyonDinner
22:44:27 :ProcyonDinner!Procy@Riemann.Is.Great NICK :ProcyonLotor
22:54:29 :Jekeled!~chatzilla@synIRC-EDADB450.hsd1.wa.comcast.net NICK :JekelAFK
23:00:58 :Dr_Kens!~The_Kens@vacuums.really.suck NICK :Kens_Away
23:13:19 :Scantron!69.420.69@420.69.420.69.420.69.420.69.420.69.420.69.420.69.420.69 NICK :Scandinner
23:37:07 :DrBreign!Mibbit@synIRC-39B19588.hsd1.tn.comcast.net NICK :Mrtdark1
23:46:59 :Kens_Away!~The_Kens@vacuums.really.suck NICK :Dr_Kens
23:58:32 :JekelAFK!~chatzilla@synIRC-EDADB450.hsd1.wa.comcast.net NICK :Jekeled
23:58:43 :Pincier!~Pincier@synIRC-22622DEA.dhcp-dynamic.fibreop.ns.bellaliant.net NICK :Pincier|Busy
