13:24:31 :nightmare.uk.eu.synirc.net 001 CakeBot :Welcome to the synIRC IRC Network CakeBot!~skybot@pool-96-253-116-52.rcmdva.fios.verizon.net
13:24:31 :nightmare.uk.eu.synirc.net 002 CakeBot :Your host is nightmare.uk.eu.synirc.net, running version Unreal3.2.10.2
13:24:31 :nightmare.uk.eu.synirc.net 003 CakeBot :This server was created Sat Dec 21 2013 at 04:54:54 GMT
13:24:31 :nightmare.uk.eu.synirc.net 004 CakeBot nightmare.uk.eu.synirc.net Unreal3.2.10.2 iowghraAsORTVSxNCWqBzvdHtGpI lvhopsmntikrRcaqOALQbSeIKVfMCuzNTGjZ
13:24:31 :nightmare.uk.eu.synirc.net 005 CakeBot UHNAMES NAMESX SAFELIST HCN MAXCHANNELS=40 CHANLIMIT=#:40 MAXLIST=b:60,e:60,I:60 NICKLEN=30 CHANNELLEN=32 TOPICLEN=307 KICKLEN=307 AWAYLEN=307 MAXTARGETS=20 :are supported by this server
13:24:31 :nightmare.uk.eu.synirc.net 005 CakeBot WALLCHOPS WATCH=128 WATCHOPTS=A SILENCE=15 MODES=12 CHANTYPES=# PREFIX=(qaohv)~&@%+ CHANMODES=beI,kfL,lj,psmntirRcOAQKVCuzNSMTGZ NETWORK=synIRC CASEMAPPING=ascii EXTBAN=~,qjncrRa ELIST=MNUCT STATUSMSG=~&@%+ :are supported by this server
13:24:31 :nightmare.uk.eu.synirc.net 005 CakeBot EXCEPTS INVEX CMDS=KNOCK,MAP,DCCALLOW,USERIP,STARTTLS :are supported by this server
13:24:31 :nightmare.uk.eu.synirc.net 251 CakeBot :There are 27 users and 6441 invisible on 17 servers
13:24:31 :nightmare.uk.eu.synirc.net 252 CakeBot 27 :operator(s) online
13:24:31 :nightmare.uk.eu.synirc.net 253 CakeBot 3 :unknown connection(s)
13:24:31 :nightmare.uk.eu.synirc.net 254 CakeBot 2424 :channels formed
13:24:31 :nightmare.uk.eu.synirc.net 255 CakeBot :I have 885 clients and 0 servers
13:24:31 :nightmare.uk.eu.synirc.net 265 CakeBot 885 948 :Current local users 885, max 948
13:24:31 :nightmare.uk.eu.synirc.net 266 CakeBot 6468 7920 :Current global users 6468, max 7920
13:24:31 :nightmare.uk.eu.synirc.net 375 CakeBot :- nightmare.uk.eu.synirc.net Message of the Day - 
13:24:31 :nightmare.uk.eu.synirc.net 372 CakeBot :- 21/12/2013 4:58
13:24:31 :nightmare.uk.eu.synirc.net 372 CakeBot :- The Rules of the Internet (These rules are in no way endorsed by synIRC)
13:24:31 :nightmare.uk.eu.synirc.net 372 CakeBot :- 
13:24:31 :nightmare.uk.eu.synirc.net 372 CakeBot :-   1. Do not talk about /b/
13:24:31 :nightmare.uk.eu.synirc.net 372 CakeBot :-   2. Do NOT talk about /b/
13:24:31 :nightmare.uk.eu.synirc.net 372 CakeBot :-   3. We are Anonymous
13:24:31 :nightmare.uk.eu.synirc.net 372 CakeBot :-   4. Anonymous is legion
13:24:31 :nightmare.uk.eu.synirc.net 372 CakeBot :-   5. Anonymous never forgives
13:24:31 :nightmare.uk.eu.synirc.net 372 CakeBot :-   6. Anonymous can be a horrible, senseless, uncaring monster
13:24:31 :nightmare.uk.eu.synirc.net 372 CakeBot :-   7. Anonymous is still able to deliver
13:24:31 :nightmare.uk.eu.synirc.net 372 CakeBot :-   8. There are no real rules about posting
13:24:31 :nightmare.uk.eu.synirc.net 372 CakeBot :-   9. There are no real rules about moderation either - Enjoy your ban
13:24:31 :nightmare.uk.eu.synirc.net 372 CakeBot :-   10. If you enjoy any rival sites - DON'T
13:24:31 :nightmare.uk.eu.synirc.net 372 CakeBot :-   11. All your carefully picked arguments can easily be ignored
13:24:31 :nightmare.uk.eu.synirc.net 372 CakeBot :-   12. Anything you say can and will be used against you
13:24:31 :nightmare.uk.eu.synirc.net 372 CakeBot :-   13. Anything you say can be turned into something else - fixed
13:24:31 :nightmare.uk.eu.synirc.net 372 CakeBot :-   14. Do not argue with trolls - it means that they win
13:24:31 :nightmare.uk.eu.synirc.net 372 CakeBot :-   15. The harder you try the harder you will fail
13:24:31 :nightmare.uk.eu.synirc.net 372 CakeBot :-   16. If you fail in epic proportions, it may just become a winning failure
13:24:31 :nightmare.uk.eu.synirc.net 372 CakeBot :-   17. Every win fails eventually
13:24:31 :nightmare.uk.eu.synirc.net 372 CakeBot :-   18. Everything that can be labeled can be hated
13:24:31 :nightmare.uk.eu.synirc.net 372 CakeBot :-   19. The more you hate it, the stronger it gets
13:24:31 :nightmare.uk.eu.synirc.net 372 CakeBot :-   20. Nothing is to be taken seriously
13:24:31 :nightmare.uk.eu.synirc.net 372 CakeBot :-   21. Original content is original only for a few seconds before getting old
13:24:31 :nightmare.uk.eu.synirc.net 372 CakeBot :-   22. Copypasta is made to ruin every last bit of originality
13:24:31 :nightmare.uk.eu.synirc.net 372 CakeBot :-   23. Copypasta is made to ruin every last bit of originality
13:24:31 :nightmare.uk.eu.synirc.net 372 CakeBot :-   24. Every repost is always a repost of a repost
13:24:31 :nightmare.uk.eu.synirc.net 372 CakeBot :-   25. Relation to the original topic decreases with every single post
13:24:31 :nightmare.uk.eu.synirc.net 372 CakeBot :-   26. Any topic can easily be turned into something totally unrelated
13:24:31 :nightmare.uk.eu.synirc.net 372 CakeBot :-   27. Always question a person's sexual preferences without any real reason
13:24:31 :nightmare.uk.eu.synirc.net 372 CakeBot :-   28. Always questions a person's gender - just incase it's really a man
13:24:31 :nightmare.uk.eu.synirc.net 372 CakeBot :-   29. In the internet all girls are men and all kids are undercover FBI Agents
13:24:31 :nightmare.uk.eu.synirc.net 372 CakeBot :-   30. There are no girls on the internet
13:24:31 :nightmare.uk.eu.synirc.net 372 CakeBot :-   31. TITS or GTFO - the choice is yours
13:24:31 :nightmare.uk.eu.synirc.net 372 CakeBot :-   32. You must have pictures to prove your statements
13:24:31 :nightmare.uk.eu.synirc.net 372 CakeBot :-   33. Lurk more - it's never enough
13:24:31 :nightmare.uk.eu.synirc.net 372 CakeBot :-   34. There is porn of it, no exceptions
13:24:31 :nightmare.uk.eu.synirc.net 372 CakeBot :-   35. If no porn is found at the moment, it will be made
13:24:31 :nightmare.uk.eu.synirc.net 372 CakeBot :-   36. There will always be even more fucked up shit than what you just saw
13:24:31 :nightmare.uk.eu.synirc.net 372 CakeBot :-   37. You can not divide by zero (just because the calculator says so)
13:24:31 :nightmare.uk.eu.synirc.net 372 CakeBot :-   38. No real limits of any kind apply here - not even the sky
13:24:31 :nightmare.uk.eu.synirc.net 372 CakeBot :-   39. CAPSLOCK IS CRUISE CONTROL FOR COOL
13:24:31 :nightmare.uk.eu.synirc.net 372 CakeBot :-   40. EVEN WITH CRUISE CONTROL YOU STILL HAVE TO STEER
13:24:31 :nightmare.uk.eu.synirc.net 372 CakeBot :-   41. Desu isn't funny. Seriously guys. It's worse than Chuck Norris jokes
13:24:31 :nightmare.uk.eu.synirc.net 372 CakeBot :-   42. Nothing is sacred
13:24:31 :nightmare.uk.eu.synirc.net 372 CakeBot :-   43. The more beautiful and pure a thing is - the more satisfying it is to
13:24:31 :nightmare.uk.eu.synirc.net 372 CakeBot :-       corrupt it
13:24:31 :nightmare.uk.eu.synirc.net 372 CakeBot :-   44. Even one positive comment about Japanese things can make you a weeaboo
13:24:31 :nightmare.uk.eu.synirc.net 372 CakeBot :-   45. When one sees a lion, one must get into the car
13:24:31 :nightmare.uk.eu.synirc.net 372 CakeBot :-   46. There is always furry porn of it
13:24:31 :nightmare.uk.eu.synirc.net 372 CakeBot :-   47. The pool is always closed
13:24:31 :nightmare.uk.eu.synirc.net 372 CakeBot :- 
13:24:31 :nightmare.uk.eu.synirc.net 372 CakeBot :- Enough of that, time for the serious stuff.
13:24:31 :nightmare.uk.eu.synirc.net 372 CakeBot :- 
13:24:31 :nightmare.uk.eu.synirc.net 372 CakeBot :- -------------------------------------------------------------------------------
13:24:31 :nightmare.uk.eu.synirc.net 372 CakeBot :- 
13:24:31 :nightmare.uk.eu.synirc.net 372 CakeBot :- Welcome to nightmare.uk.eu.synirc.net
13:24:31 :nightmare.uk.eu.synirc.net 372 CakeBot :- Listening on ports 6660-6669, 7000 SSL: 6697, 7001
13:24:31 :nightmare.uk.eu.synirc.net 372 CakeBot :- 
13:24:31 :nightmare.uk.eu.synirc.net 372 CakeBot :- Website:     http://www.synirc.net/
13:24:31 :nightmare.uk.eu.synirc.net 372 CakeBot :- Forum:       http://forum.synirc.net/
13:24:31 :nightmare.uk.eu.synirc.net 372 CakeBot :- Support:     #help
13:24:31 :nightmare.uk.eu.synirc.net 372 CakeBot :- 
13:24:31 :nightmare.uk.eu.synirc.net 372 CakeBot :- Administrative info can be found by typing /ADMIN into your client
13:24:31 :nightmare.uk.eu.synirc.net 372 CakeBot :- 
13:24:31 :nightmare.uk.eu.synirc.net 372 CakeBot :- By connecting to this server you agree to abide by the rules and regulations
13:24:31 :nightmare.uk.eu.synirc.net 372 CakeBot :- which can be found by typing /RULES into your client. If you do not agree with
13:24:31 :nightmare.uk.eu.synirc.net 372 CakeBot :- these rules you must disconnect immediately.
13:24:31 :nightmare.uk.eu.synirc.net 372 CakeBot :- 
13:24:31 :nightmare.uk.eu.synirc.net 376 CakeBot :End of /MOTD command.
13:24:32 :nightmare.uk.eu.synirc.net 353 CakeBot = #scptestbot :CakeBot @Pixeltasim 
13:24:32 :nightmare.uk.eu.synirc.net 366 CakeBot #scptestbot :End of /NAMES list.
