14:32:06 :nightmare.uk.eu.synirc.net 001 Alexandra :Welcome to the synIRC IRC Network Alexandra!~skybot@pool-96-253-116-52.rcmdva.fios.verizon.net
14:32:06 :nightmare.uk.eu.synirc.net 002 Alexandra :Your host is nightmare.uk.eu.synirc.net, running version Unreal3.2.10.2
14:32:06 :nightmare.uk.eu.synirc.net 003 Alexandra :This server was created Sat Dec 21 2013 at 04:54:54 GMT
14:32:06 :nightmare.uk.eu.synirc.net 004 Alexandra nightmare.uk.eu.synirc.net Unreal3.2.10.2 iowghraAsORTVSxNCWqBzvdHtGpI lvhopsmntikrRcaqOALQbSeIKVfMCuzNTGjZ
14:32:06 :nightmare.uk.eu.synirc.net 005 Alexandra UHNAMES NAMESX SAFELIST HCN MAXCHANNELS=40 CHANLIMIT=#:40 MAXLIST=b:60,e:60,I:60 NICKLEN=30 CHANNELLEN=32 TOPICLEN=307 KICKLEN=307 AWAYLEN=307 MAXTARGETS=20 :are supported by this server
14:32:06 :nightmare.uk.eu.synirc.net 005 Alexandra WALLCHOPS WATCH=128 WATCHOPTS=A SILENCE=15 MODES=12 CHANTYPES=# PREFIX=(qaohv)~&@%+ CHANMODES=beI,kfL,lj,psmntirRcOAQKVCuzNSMTGZ NETWORK=synIRC CASEMAPPING=ascii EXTBAN=~,qjncrRa ELIST=MNUCT STATUSMSG=~&@%+ :are supported by this server
14:32:06 :nightmare.uk.eu.synirc.net 005 Alexandra EXCEPTS INVEX CMDS=KNOCK,MAP,DCCALLOW,USERIP,STARTTLS :are supported by this server
14:32:06 :nightmare.uk.eu.synirc.net 251 Alexandra :There are 27 users and 6435 invisible on 17 servers
14:32:06 :nightmare.uk.eu.synirc.net 252 Alexandra 28 :operator(s) online
14:32:06 :nightmare.uk.eu.synirc.net 253 Alexandra 1 :unknown connection(s)
14:32:06 :nightmare.uk.eu.synirc.net 254 Alexandra 2434 :channels formed
14:32:06 :nightmare.uk.eu.synirc.net 255 Alexandra :I have 911 clients and 0 servers
14:32:06 :nightmare.uk.eu.synirc.net 265 Alexandra 911 1020 :Current local users 911, max 1020
14:32:06 :nightmare.uk.eu.synirc.net 266 Alexandra 6462 7920 :Current global users 6462, max 7920
14:32:06 :nightmare.uk.eu.synirc.net 375 Alexandra :- nightmare.uk.eu.synirc.net Message of the Day - 
14:32:06 :nightmare.uk.eu.synirc.net 372 Alexandra :- 21/12/2013 4:58
14:32:06 :nightmare.uk.eu.synirc.net 372 Alexandra :- The Rules of the Internet (These rules are in no way endorsed by synIRC)
14:32:06 :nightmare.uk.eu.synirc.net 372 Alexandra :- 
14:32:06 :nightmare.uk.eu.synirc.net 372 Alexandra :-   1. Do not talk about /b/
14:32:06 :nightmare.uk.eu.synirc.net 372 Alexandra :-   2. Do NOT talk about /b/
14:32:06 :nightmare.uk.eu.synirc.net 372 Alexandra :-   3. We are Anonymous
14:32:06 :nightmare.uk.eu.synirc.net 372 Alexandra :-   4. Anonymous is legion
14:32:06 :nightmare.uk.eu.synirc.net 372 Alexandra :-   5. Anonymous never forgives
14:32:06 :nightmare.uk.eu.synirc.net 372 Alexandra :-   6. Anonymous can be a horrible, senseless, uncaring monster
14:32:06 :nightmare.uk.eu.synirc.net 372 Alexandra :-   7. Anonymous is still able to deliver
14:32:06 :nightmare.uk.eu.synirc.net 372 Alexandra :-   8. There are no real rules about posting
14:32:06 :nightmare.uk.eu.synirc.net 372 Alexandra :-   9. There are no real rules about moderation either - Enjoy your ban
14:32:06 :nightmare.uk.eu.synirc.net 372 Alexandra :-   10. If you enjoy any rival sites - DON'T
14:32:06 :nightmare.uk.eu.synirc.net 372 Alexandra :-   11. All your carefully picked arguments can easily be ignored
14:32:06 :nightmare.uk.eu.synirc.net 372 Alexandra :-   12. Anything you say can and will be used against you
14:32:06 :nightmare.uk.eu.synirc.net 372 Alexandra :-   13. Anything you say can be turned into something else - fixed
14:32:06 :nightmare.uk.eu.synirc.net 372 Alexandra :-   14. Do not argue with trolls - it means that they win
14:32:06 :nightmare.uk.eu.synirc.net 372 Alexandra :-   15. The harder you try the harder you will fail
14:32:06 :nightmare.uk.eu.synirc.net 372 Alexandra :-   16. If you fail in epic proportions, it may just become a winning failure
14:32:06 :nightmare.uk.eu.synirc.net 372 Alexandra :-   17. Every win fails eventually
14:32:06 :nightmare.uk.eu.synirc.net 372 Alexandra :-   18. Everything that can be labeled can be hated
14:32:06 :nightmare.uk.eu.synirc.net 372 Alexandra :-   19. The more you hate it, the stronger it gets
14:32:06 :nightmare.uk.eu.synirc.net 372 Alexandra :-   20. Nothing is to be taken seriously
14:32:06 :nightmare.uk.eu.synirc.net 372 Alexandra :-   21. Original content is original only for a few seconds before getting old
14:32:06 :nightmare.uk.eu.synirc.net 372 Alexandra :-   22. Copypasta is made to ruin every last bit of originality
14:32:06 :nightmare.uk.eu.synirc.net 372 Alexandra :-   23. Copypasta is made to ruin every last bit of originality
14:32:06 :nightmare.uk.eu.synirc.net 372 Alexandra :-   24. Every repost is always a repost of a repost
14:32:06 :nightmare.uk.eu.synirc.net 372 Alexandra :-   25. Relation to the original topic decreases with every single post
14:32:06 :nightmare.uk.eu.synirc.net 372 Alexandra :-   26. Any topic can easily be turned into something totally unrelated
14:32:06 :nightmare.uk.eu.synirc.net 372 Alexandra :-   27. Always question a person's sexual preferences without any real reason
14:32:06 :nightmare.uk.eu.synirc.net 372 Alexandra :-   28. Always questions a person's gender - just incase it's really a man
14:32:06 :nightmare.uk.eu.synirc.net 372 Alexandra :-   29. In the internet all girls are men and all kids are undercover FBI Agents
14:32:06 :nightmare.uk.eu.synirc.net 372 Alexandra :-   30. There are no girls on the internet
14:32:06 :nightmare.uk.eu.synirc.net 372 Alexandra :-   31. TITS or GTFO - the choice is yours
14:32:06 :nightmare.uk.eu.synirc.net 372 Alexandra :-   32. You must have pictures to prove your statements
14:32:06 :nightmare.uk.eu.synirc.net 372 Alexandra :-   33. Lurk more - it's never enough
14:32:06 :nightmare.uk.eu.synirc.net 372 Alexandra :-   34. There is porn of it, no exceptions
14:32:06 :nightmare.uk.eu.synirc.net 372 Alexandra :-   35. If no porn is found at the moment, it will be made
14:32:06 :nightmare.uk.eu.synirc.net 372 Alexandra :-   36. There will always be even more fucked up shit than what you just saw
14:32:06 :nightmare.uk.eu.synirc.net 372 Alexandra :-   37. You can not divide by zero (just because the calculator says so)
14:32:06 :nightmare.uk.eu.synirc.net 372 Alexandra :-   38. No real limits of any kind apply here - not even the sky
14:32:06 :nightmare.uk.eu.synirc.net 372 Alexandra :-   39. CAPSLOCK IS CRUISE CONTROL FOR COOL
14:32:06 :nightmare.uk.eu.synirc.net 372 Alexandra :-   40. EVEN WITH CRUISE CONTROL YOU STILL HAVE TO STEER
14:32:06 :nightmare.uk.eu.synirc.net 372 Alexandra :-   41. Desu isn't funny. Seriously guys. It's worse than Chuck Norris jokes
14:32:06 :nightmare.uk.eu.synirc.net 372 Alexandra :-   42. Nothing is sacred
14:32:06 :nightmare.uk.eu.synirc.net 372 Alexandra :-   43. The more beautiful and pure a thing is - the more satisfying it is to
14:32:06 :nightmare.uk.eu.synirc.net 372 Alexandra :-       corrupt it
14:32:06 :nightmare.uk.eu.synirc.net 372 Alexandra :-   44. Even one positive comment about Japanese things can make you a weeaboo
14:32:06 :nightmare.uk.eu.synirc.net 372 Alexandra :-   45. When one sees a lion, one must get into the car
14:32:06 :nightmare.uk.eu.synirc.net 372 Alexandra :-   46. There is always furry porn of it
14:32:06 :nightmare.uk.eu.synirc.net 372 Alexandra :-   47. The pool is always closed
14:32:06 :nightmare.uk.eu.synirc.net 372 Alexandra :- 
14:32:06 :nightmare.uk.eu.synirc.net 372 Alexandra :- Enough of that, time for the serious stuff.
14:32:06 :nightmare.uk.eu.synirc.net 372 Alexandra :- 
14:32:06 :nightmare.uk.eu.synirc.net 372 Alexandra :- -------------------------------------------------------------------------------
14:32:06 :nightmare.uk.eu.synirc.net 372 Alexandra :- 
14:32:06 :nightmare.uk.eu.synirc.net 372 Alexandra :- Welcome to nightmare.uk.eu.synirc.net
14:32:06 :nightmare.uk.eu.synirc.net 372 Alexandra :- Listening on ports 6660-6669, 7000 SSL: 6697, 7001
14:32:06 :nightmare.uk.eu.synirc.net 372 Alexandra :- 
14:32:06 :nightmare.uk.eu.synirc.net 372 Alexandra :- Website:     http://www.synirc.net/
14:32:06 :nightmare.uk.eu.synirc.net 372 Alexandra :- Forum:       http://forum.synirc.net/
14:32:06 :nightmare.uk.eu.synirc.net 372 Alexandra :- Support:     #help
14:32:06 :nightmare.uk.eu.synirc.net 372 Alexandra :- 
14:32:06 :nightmare.uk.eu.synirc.net 372 Alexandra :- Administrative info can be found by typing /ADMIN into your client
14:32:06 :nightmare.uk.eu.synirc.net 372 Alexandra :- 
14:32:06 :nightmare.uk.eu.synirc.net 372 Alexandra :- By connecting to this server you agree to abide by the rules and regulations
14:32:06 :nightmare.uk.eu.synirc.net 372 Alexandra :- which can be found by typing /RULES into your client. If you do not agree with
14:32:06 :nightmare.uk.eu.synirc.net 372 Alexandra :- these rules you must disconnect immediately.
14:32:06 :nightmare.uk.eu.synirc.net 372 Alexandra :- 
14:32:06 :nightmare.uk.eu.synirc.net 376 Alexandra :End of /MOTD command.
14:32:07 :nightmare.uk.eu.synirc.net 353 Alexandra = #scptestbot :Alexandra @Pixeltasim 
14:32:07 :nightmare.uk.eu.synirc.net 366 Alexandra #scptestbot :End of /NAMES list.
