00:20:51 -!- Gujzo has quit [Quit: http://www.mibbit.com ajax IRC Client]
00:22:49 -!- Gujzo has quit [Quit: http://www.mibbit.com ajax IRC Client]
00:28:24 -!- Roget has quit [Connection reset by peer]
00:34:11 -!- chubert has quit [Ping timeout: 187 seconds]
00:37:40 -!- Len has quit [Quit: http://www.mibbit.com ajax IRC Client]
00:40:35 -!- GoldenDragon has quit [Quit: http://www.mibbit.com ajax IRC Client]
00:48:00 -!- HERIC has quit [Ping timeout]
00:50:25 -!- Len has quit [Quit: http://www.mibbit.com ajax IRC Client]
00:56:20 -!- Anborough has quit [Ping timeout]
00:56:27 -!- metalsonic has quit [Ping timeout]
00:59:54 -!- Dexanote has quit [Client exited]
01:01:19 -!- Vince has quit [Quit: http://www.mibbit.com ajax IRC Client]
01:01:55 -!- Jarell has quit [Ping timeout: 185 seconds]
01:02:53 -!- Tuomey has quit [Quit: http://www.mibbit.com ajax IRC Client]
01:10:55 -!- Mrtdark1 has quit [Quit: http://www.mibbit.com ajax IRC Client]
01:14:52 -!- Gujzo has quit [Quit: http://www.mibbit.com ajax IRC Client]
01:22:00 -!- TheRaven has quit [Quit: Sail away where no ball and chain can keep us from the roarin' waves, together undivided but forever we'll be free!]
01:22:46 -!- Itazu has quit [Quit: Leaving]
01:24:22 -!- Cain has quit [Quit: http://www.mibbit.com ajax IRC Client]
01:33:46 -!- Warscribe has quit [Client exited]
01:48:11 -!- Len has quit [Quit: http://www.mibbit.com ajax IRC Client]
01:49:24 -!- Mrtdark1 has quit [Quit: http://www.mibbit.com ajax IRC Client]
01:51:09 -!- weitoobusy has quit [Ping timeout]
01:53:04 -!- djkaktus has quit [Connection reset by peer]
01:58:38 -!- Kestin has quit [Quit: I must go, my people need me]
01:59:22 -!- Bulb has quit [Quit: http://www.mibbit.com ajax IRC Client]
02:00:56 -!- Bearhugger has quit [Quit: Bearhugger]
02:01:37 -!- Soulless has quit [Ping timeout]
02:04:18 -!- Xiao has quit [Ping timeout: 187 seconds]
02:12:54 -!- Bryx has quit [Quit: i need to make grilled cheese because the <censored> of leftover pizza in my fridge is all pepperoni]
02:33:21 -!- gumbal1 has quit [Ping timeout: 183 seconds]
02:34:20 -!- Fantem has quit [Quit: http://www.mibbit.com ajax IRC Client]
02:35:08 -!- Pincier has quit [Quit: Leaving]
02:40:01 -!- Ooze has quit [Quit: Later!]
02:40:15 -!- Eskobear has quit [Quit: http://www.mibbit.com ajax IRC Client]
02:43:05 -!- ihp has quit [Ping timeout: 180 seconds]
02:46:27 -!- Faminepulse has quit [Broken pipe]
02:46:57 -!- trustadino has quit [Quit: http://www.mibbit.com ajax IRC Client]
02:48:44 -!- Athena_Grey has quit [Quit: http://www.mibbit.com ajax IRC Client]
02:51:54 -!- Smapti has quit [Quit: Bye]
02:57:34 -!- AndarielHalo has quit [Quit: omg supar ketar badass, sondudebro]
03:00:35 -!- Pincier has quit [Client exited]
03:20:03 -!- Nemi has quit [Quit: ]
03:20:36 -!- Salabasama has quit [Connection reset by peer]
03:21:28 -!- AndarielHalo has quit [Quit: omg supar ketar badass, sondudebro]
03:24:42 -!- Vince has quit [Ping timeout: 180 seconds]
03:41:06 -!- Provolone has quit [Quit: http://www.mibbit.com ajax IRC Client]
03:43:16 -!- NekoChris has quit [Connection reset by peer]
03:44:27 -!- TwistedGears has quit [Quit: ChatZilla 0.9.90.1 [Firefox 30.0/20140605174243]]
03:46:29 -!- Vivax has quit [NickServ (GHOST command used by Vivax_)]
03:49:12 -!- Vivax has quit [Quit: ChatZilla 0.9.90.1 [Firefox 30.0/20140605174243]]
03:51:25 -!- choobakka has quit [Quit: choobakka]
03:51:37 -!- ghostchibi has quit [Quit: Leaving.]
03:51:47 -!- Dexanote has quit [Client exited]
03:56:54 -!- OldGrumpy has quit [Ping timeout: 180 seconds]
03:58:11 -!- Roget|Slumbers has quit [Ping timeout]
04:01:28 -!- Evixion has quit [Ping timeout: 181 seconds]
04:02:10 -!- Riemann has quit [Quit: Right before your eyes we pull laughter from the skies, And he laughs until he cries, then he dies, then he dies]
04:02:19 -!- Wogglebug has quit [Connection reset by peer]
04:09:03 -!- salvagebar has quit [Client exited]
04:12:04 -!- Vivax1 has quit [Quit: Leaving.]
04:13:11 -!- Roget has quit [Ping timeout: 184 seconds]
04:21:11 -!- FlameShirt has quit [Quit: http://www.mibbit.com ajax IRC Client]
04:25:08 -!- GottaGoFeast has quit [Quit: http://www.mibbit.com ajax IRC Client]
04:29:31 -!- velkrai has quit [Quit: I dont hate most of you]
04:31:35 -!- RothSleepin has quit [Ping timeout: 186 seconds]
04:32:47 -!- Aphex_ has quit [Ping timeout: 182 seconds]
04:36:49 -!- Salabasama has quit [Ping timeout: 187 seconds]
04:38:55 -!- spycrab has quit [Quit: ChatZilla 0.9.90.1 [Firefox 30.0/20140605174243]]
04:41:00 -!- Dr_Kens has quit [Quit: bed time.]
04:42:46 -!- Freudian has quit [Ping timeout: 182 seconds]
04:43:45 -!- Dawley has quit [Ping timeout: 186 seconds]
04:45:53 -!- djkaktus has quit [Quit: Toodles.]
04:48:19 -!- Dawley has quit [Quit: Dawley]
04:49:23 -!- Evixion` has quit [Ping timeout: 180 seconds]
04:50:37 -!- DrYucatan has quit [Quit: http://www.mibbit.com ajax IRC Client]
04:55:26 -!- Zanadu has quit [Ping timeout]
04:57:42 -!- Pincier has quit [Quit: Leaving]
04:58:07 -!- Voct has quit [Ping timeout]
04:59:22 -!- teaflower has quit [Quit: Leaving.]
05:14:22 -!- TheRaven has quit [Quit: Sail away where no ball and chain can keep us from the roarin' waves, together undivided but forever we'll be free!]
05:25:40 -!- picklesurprise has quit [Quit: http://www.mibbit.com ajax IRC Client]
05:28:23 -!- Glitch has quit [Quit: Glitch]
05:35:22 -!- BreadProduct has quit [Ping timeout]
05:36:24 -!- Milly has quit [Ping timeout]
05:38:08 -!- gumbal1 has quit [Ping timeout: 182 seconds]
05:40:47 -!- Nioki has quit [Quit: ChatZilla 0.9.90.1 [Firefox 30.0/20140605174243]]
05:41:45 -!- Eskobear has quit [Quit: http://www.mibbit.com ajax IRC Client]
05:46:05 -!- SCP-Newbie has quit [Quit: SCP-Newbie]
05:49:15 -!- smugbear has quit [Quit: http://www.mibbit.com ajax IRC Client]
05:53:46 -!- Kidd has quit [Quit: http://www.mibbit.com ajax IRC Client]
05:58:07 -!- RobWatson has quit [Ping timeout: 180 seconds]
06:02:30 -!- Kidd has quit [Quit: http://www.mibbit.com ajax IRC Client]
06:06:41 -!- Jabonicus has quit [Quit: http://www.mibbit.com ajax IRC Client]
06:07:20 -!- teaflower has quit [Quit: Leaving.]
06:14:29 -!- RobWatson has quit [Quit: -a- Android IRC 2.1.3]
06:17:46 -!- BlackWing has quit [Quit: ChatZilla 0.9.90.1 [Firefox 30.0/20140605174243]]
06:21:34 -!- MorgiePie has quit [nexus.hub.us.synirc.net envy.il.us.synirc.net]
06:21:34 -!- Evixion has quit [nexus.hub.us.synirc.net envy.il.us.synirc.net]
06:21:34 -!- ProcyonBRB has quit [nexus.hub.us.synirc.net envy.il.us.synirc.net]
06:21:34 -!- Hexi|Aspire has quit [nexus.hub.us.synirc.net envy.il.us.synirc.net]
06:21:34 -!- lumancer has quit [nexus.hub.us.synirc.net envy.il.us.synirc.net]
06:21:34 -!- murphy_slaw has quit [nexus.hub.us.synirc.net envy.il.us.synirc.net]
06:21:34 -!- Red_M has quit [nexus.hub.us.synirc.net envy.il.us.synirc.net]
06:21:34 -!- Seisatsu has quit [nexus.hub.us.synirc.net envy.il.us.synirc.net]
06:25:22 -!- ProcyonBRB has quit [Ping timeout: 181 seconds]
06:25:33 -!- MorgiePie has quit [Ping timeout: 180 seconds]
06:28:08 -!- Kidd has quit [Quit: http://www.mibbit.com ajax IRC Client]
06:32:40 -!- Bouncl has quit [Quit: have a nice day :]
06:33:08 -!- Soulless has quit [NickServ (GHOST command used by SoulSoul)]
06:40:32 -!- NolanSyKinsley has quit [Ping timeout: 181 seconds]
06:40:41 -!- Kidd has quit [Quit: http://www.mibbit.com ajax IRC Client]
06:50:43 -!- ihp has quit [Quit: ChatZilla 0.9.90.1 [Firefox 30.0/20140605174243]]
06:51:12 -!- Athena_Grey has quit [Quit: http://www.mibbit.com ajax IRC Client]
07:06:00 -!- anqxyr has quit [Ping timeout]
07:11:30 -!- Dexanote has quit [Client exited]
07:11:55 -!- GoldenDragon has quit [Quit: http://www.mibbit.com ajax IRC Client]
07:17:37 -!- Anaxagoras has quit [Quit: http://www.mibbit.com ajax IRC Client]
07:18:08 -!- MorgiePie has quit [Quit: http://www.mibbit.com ajax IRC Client]
07:22:41 -!- Erku has quit [Ping timeout: 181 seconds]
07:23:46 -!- teaflower has quit [Quit: teaflower]
07:42:16 -!- Sax has quit [Quit: Aut Viam Inveniam Aut Faciam]
07:43:31 -!- Tehpillowstar has quit [Ping timeout]
07:51:46 -!- JConwell has quit [Quit: http://www.mibbit.com ajax IRC Client]
07:54:28 -!- Soulless|Dreamin has quit [Connection reset by peer]
07:58:22 -!- Soulless|Dreamin has quit [Ping timeout]
08:24:33 -!- DigitalGhost has quit [Ping timeout: 180 seconds]
08:34:20 -!- PeppersGhost has quit [Client exited]
08:34:54 -!- Cain has quit [Quit: http://www.mibbit.com ajax IRC Client]
08:40:24 -!- Randomini has quit [Quit: ChatZilla 0.9.90.1 [Firefox 30.0/20140605174243]]
08:44:13 -!- metalsonic has quit [Ping timeout: 180 seconds]
08:46:44 -!- Nana has quit [Ping timeout: 184 seconds]
08:48:13 -!- Zanadu has quit [Connection reset by peer]
08:48:56 -!- Pemander has quit [Connection reset by peer]
08:50:38 -!- Provolone has quit [Quit: http://www.mibbit.com ajax IRC Client]
09:04:28 -!- AJ_Impy has quit [Ping timeout: 188 seconds]
09:15:58 -!- BreadProduct has quit [Quit: ChatZilla 0.9.90.1 [Firefox 30.0/20140605174243]]
09:16:01 -!- Anborough has quit [Quit: Leaving]
09:18:18 -!- SoulSoul has quit [Ping timeout]
09:18:57 -!- lfairy has quit [Client exited]
09:19:54 -!- rumetzen has quit [Ping timeout: 182 seconds]
09:20:20 -!- Dexanote has quit [Client exited]
09:30:52 -!- Silber has quit [Ping timeout]
09:46:48 -!- FlameShirt has quit [Quit: http://www.mibbit.com ajax IRC Client]
09:50:27 -!- smugbear has quit [Quit: http://www.mibbit.com ajax IRC Client]
09:51:57 -!- Kidd has quit [Quit: http://www.mibbit.com ajax IRC Client]
09:56:10 -!- ghostchibi has quit [Ping timeout: 187 seconds]
09:57:43 -!- SoulSoulSoul has quit [Ping timeout]
10:07:35 -!- Erku has quit [Ping timeout: 181 seconds]
10:10:42 -!- SoulSoul has quit [Ping timeout]
10:15:16 -!- Soulless has quit [Ping timeout]
10:27:45 -!- Pig_catapult has quit [Ping timeout: 187 seconds]
10:30:30 -!- chubert has quit [Quit:  HydraIRC -> http://www.hydrairc.com <- Chicks dig it]
10:32:07 -!- SoulSoul has quit [Ping timeout]
10:34:48 -!- SoulSoulSoul has quit [Ping timeout]
10:35:24 -!- Bunton has quit [Quit: http://www.mibbit.com ajax IRC Client]
10:46:51 -!- Webb has quit [Connection reset by peer]
10:49:23 -!- thedeadlymoose has quit [Quit: ChatZilla 0.9.90.1 [Firefox 30.0/20140605174243]]
10:55:28 -!- Webb has quit [Connection reset by peer]
11:02:20 -!- Webb has quit [Connection reset by peer]
11:05:48 -!- Webb has quit [Connection reset by peer]
11:05:50 -!- Gujzo has quit [Quit: http://www.mibbit.com ajax IRC Client]
11:08:15 -!- Warscribe has quit [Quit: If we'd go to heaven, we'd have to help the Thunder|| TRUST ME, I'M AN ENGINEER]
11:13:40 -!- SoulSoul has quit [Ping timeout]
11:17:09 -!- SoulSoulSoul has quit [Ping timeout]
11:18:36 -!- Nanoro has quit [Quit: http://www.mibbit.com ajax IRC Client]
11:25:42 -!- Webb has quit [Connection reset by peer]
11:27:28 -!- Devereaux has quit [Quit: Colloquy for iPhone - http://colloquy.mobi]
11:34:48 -!- EdAWACS has quit [Quit: http://www.mibbit.com ajax IRC Client]
11:37:12 -!- FlameShirt has quit [Quit: http://www.mibbit.com ajax IRC Client]
11:38:43 -!- Silber has quit [Ping timeout: 183 seconds]
11:39:11 -!- Webb has quit [Connection reset by peer]
11:42:25 -!- Webb has quit [Connection reset by peer]
11:43:18 -!- Len has quit [Quit: http://www.mibbit.com ajax IRC Client]
11:43:24 -!- Odocoileus has quit [Ping timeout]
11:43:55 -!- Slate has quit [Quit: Leaving]
11:45:51 -!- Eskobear has quit [Quit: http://www.mibbit.com ajax IRC Client]
11:46:35 -!- Webb has quit [Connection reset by peer]
11:52:38 -!- Sgeo has quit [Connection reset by peer]
11:58:14 -!- Webb has quit [Connection reset by peer]
12:10:05 -!- Webb has quit [Connection reset by peer]
12:12:17 -!- Claffsey has quit [Ping timeout]
12:17:15 -!- Webb has quit [Connection reset by peer]
12:22:43 -!- Gujzo has quit [Quit: http://www.mibbit.com ajax IRC Client]
12:25:33 -!- Webb has quit [Connection reset by peer]
12:30:21 -!- Webb has quit [Connection reset by peer]
12:30:51 -!- Gujzo has quit [Quit: http://www.mibbit.com ajax IRC Client]
12:35:17 -!- SoulSoul has quit [Ping timeout]
12:40:26 -!- Webb has quit [Connection reset by peer]
12:40:56 -!- Joreth has quit [Quit: http://www.mibbit.com ajax IRC Client]
12:43:5