23:47:53 :toronto.on.ca.synirc.net 001 CakeBot :Welcome to the synIRC IRC Network CakeBot!~skybot@pool-96-253-116-52.rcmdva.fios.verizon.net
23:47:53 :toronto.on.ca.synirc.net 002 CakeBot :Your host is toronto.on.ca.synirc.net, running version Unreal3.2.10.2
23:47:53 :toronto.on.ca.synirc.net 003 CakeBot :This server was created Wed Nov 27 2013 at 00:01:19 EST
23:47:53 :toronto.on.ca.synirc.net 004 CakeBot toronto.on.ca.synirc.net Unreal3.2.10.2 iowghraAsORTVSxNCWqBzvdHtGpI lvhopsmntikrRcaqOALQbSeIKVfMCuzNTGjZ
23:47:53 :toronto.on.ca.synirc.net 005 CakeBot CMDS=KNOCK,MAP,DCCALLOW,USERIP,STARTTLS UHNAMES NAMESX SAFELIST HCN MAXCHANNELS=40 CHANLIMIT=#:40 MAXLIST=b:60,e:60,I:60 NICKLEN=30 CHANNELLEN=32 TOPICLEN=307 KICKLEN=307 AWAYLEN=307 :are supported by this server
23:47:53 :toronto.on.ca.synirc.net 005 CakeBot MAXTARGETS=20 WALLCHOPS WATCH=128 WATCHOPTS=A SILENCE=15 MODES=12 CHANTYPES=# PREFIX=(qaohv)~&@%+ CHANMODES=beI,kfL,lj,psmntirRcOAQKVCuzNSMTGZ NETWORK=synIRC CASEMAPPING=ascii EXTBAN=~,qjncrRa ELIST=MNUCT :are supported by this server
23:47:53 :toronto.on.ca.synirc.net 005 CakeBot STATUSMSG=~&@%+ EXCEPTS INVEX :are supported by this server
23:47:53 :toronto.on.ca.synirc.net 251 CakeBot :There are 27 users and 7109 invisible on 17 servers
23:47:53 :toronto.on.ca.synirc.net 252 CakeBot 29 :operator(s) online
23:47:53 :toronto.on.ca.synirc.net 254 CakeBot 2542 :channels formed
23:47:53 :toronto.on.ca.synirc.net 255 CakeBot :I have 842 clients and 0 servers
23:47:53 :toronto.on.ca.synirc.net 265 CakeBot 842 1448 :Current local users 842, max 1448
23:47:53 :toronto.on.ca.synirc.net 266 CakeBot 7136 7920 :Current global users 7136, max 7920
23:47:53 :toronto.on.ca.synirc.net 375 CakeBot :- toronto.on.ca.synirc.net Message of the Day - 
23:47:53 :toronto.on.ca.synirc.net 372 CakeBot :- 11/6/2014 22:12
23:47:53 :toronto.on.ca.synirc.net 372 CakeBot :-                                    ooooo ooooooooo.     .oooooo.   
23:47:53 :toronto.on.ca.synirc.net 372 CakeBot :-                                    `888' `888   `Y88.  d8P'  `Y8b  
23:47:53 :toronto.on.ca.synirc.net 372 CakeBot :-    .oooo.o oooo    ooo ooo. .oo.    888   888   .d88' 888          
23:47:53 :toronto.on.ca.synirc.net 372 CakeBot :-   d88(  "8  `88.  .8'  `888P"Y88b   888   888ooo88P'  888          
23:47:53 :toronto.on.ca.synirc.net 372 CakeBot :-   `"Y88b.    `88..8'    888   888   888   888`88b.    888          
23:47:53 :toronto.on.ca.synirc.net 372 CakeBot :-   o.  )88b    `888'     888   888   888   888  `88b.  `88b    ooo  
23:47:53 :toronto.on.ca.synirc.net 372 CakeBot :-   8""888P'     .8'     o888o o888o o888o o888o  o888o  `Y8bood8P'  
23:47:53 :toronto.on.ca.synirc.net 372 CakeBot :-            .o..P'                                                  
23:47:53 :toronto.on.ca.synirc.net 372 CakeBot :-            `Y8P'                                                   
23:47:53 :toronto.on.ca.synirc.net 372 CakeBot :-                                                            .
23:47:53 :toronto.on.ca.synirc.net 372 CakeBot :-                                                            |
23:47:53 :toronto.on.ca.synirc.net 372 CakeBot :-                                                           < >
23:47:53 :toronto.on.ca.synirc.net 372 CakeBot :-                                                            |
23:47:53 :toronto.on.ca.synirc.net 372 CakeBot :-                                                          (^ ^)
23:47:53 :toronto.on.ca.synirc.net 372 CakeBot :-                                                           `|`
23:47:53 :toronto.on.ca.synirc.net 372 CakeBot :-                                ______                      |
23:47:53 :toronto.on.ca.synirc.net 372 CakeBot :-                      .-,__,-. |""""""|                     |
23:47:53 :toronto.on.ca.synirc.net 372 CakeBot :-                      | ]""[ | |""""""|       ,.,__         |
23:47:53 :toronto.on.ca.synirc.net 372 CakeBot :-                      | |""| | |""""""|     /`.     ` ;     |
23:47:53 :toronto.on.ca.synirc.net 372 CakeBot :-                      | |""| | |""""""|   /`.  '.       ;   |
23:47:53 :toronto.on.ca.synirc.net 372 CakeBot :-                      | |""| | |""""""| /`.  '.  .       ; /^\
23:47:53 :toronto.on.ca.synirc.net 372 CakeBot :-  ----------------------'-'--'-'-'------''---'---'--'-------'---'----
23:47:53 :toronto.on.ca.synirc.net 372 CakeBot :- 
23:47:53 :toronto.on.ca.synirc.net 372 CakeBot :-   toronto.on.ca.synirc.net (ports: 6660-9, 7000, ssl: +6697, +7001)
23:47:53 :toronto.on.ca.synirc.net 372 CakeBot :-   This server is located at 905 King Street W, Toronto, ON, Canada.
23:47:53 :toronto.on.ca.synirc.net 372 CakeBot :-     At the corner of King St and Strachan Ave in Liberty Village.
23:47:53 :toronto.on.ca.synirc.net 372 CakeBot :-   
23:47:53 :toronto.on.ca.synirc.net 372 CakeBot :-     admin: slushey <slushey@synirc.net>
23:47:53 :toronto.on.ca.synirc.net 372 CakeBot :-   coadmin: basket <basket@synirc.net>
23:47:53 :toronto.on.ca.synirc.net 372 CakeBot :-     ircop: Lioness <lioness@synirc.net>
23:47:53 :toronto.on.ca.synirc.net 372 CakeBot :-            minusX <minusx@synirc.net>
23:47:53 :toronto.on.ca.synirc.net 372 CakeBot :- 
23:47:53 :toronto.on.ca.synirc.net 372 CakeBot :-       url: http://www.synirc.net
23:47:53 :toronto.on.ca.synirc.net 372 CakeBot :-    forums: http://forum.synirc.net
23:47:53 :toronto.on.ca.synirc.net 372 CakeBot :-   support: #help
23:47:53 :toronto.on.ca.synirc.net 372 CakeBot :- 
23:47:53 :toronto.on.ca.synirc.net 372 CakeBot :-  -------------------------------------------------------------------
23:47:53 :toronto.on.ca.synirc.net 372 CakeBot :- 
23:47:53 :toronto.on.ca.synirc.net 372 CakeBot :- synIRC.net will scan your IP for open proxies upon connection to our
23:47:53 :toronto.on.ca.synirc.net 372 CakeBot :- services. You must be 18 or older to connect and chat on our services, or
23:47:53 :toronto.on.ca.synirc.net 372 CakeBot :- have parental consent. synIRC.net and its affiliates are not responsible
23:47:53 :toronto.on.ca.synirc.net 372 CakeBot :- for any bodily or mental harm that could possibly come from using its
23:47:53 :toronto.on.ca.synirc.net 372 CakeBot :- services. synIRC.net is not responsible for any data received or sent
23:47:53 :toronto.on.ca.synirc.net 372 CakeBot :- out to our clients. By connecting, you consent to have logging of your
23:47:54 :toronto.on.ca.synirc.net 372 CakeBot :- conversations done by other clients and are also bound to the rules and
23:47:54 :toronto.on.ca.synirc.net 372 CakeBot :- regulations that can be found at http://www.synirc.net/charter/ 
23:47:54 :toronto.on.ca.synirc.net 376 CakeBot :End of /MOTD command.
23:47:54 :toronto.on.ca.synirc.net 353 CakeBot = #scptestbot :CakeBot TwistedGears Rheumatism CryogenChaos Devereaux @Pixeltasim 
23:47:54 :toronto.on.ca.synirc.net 366 CakeBot #scptestbot :End of /NAMES list.
